This is pdfTeX, Version 3.1415926-2.3-1.40.12 (TeX Live 2011) (format=pdflatex 2011.7.3)  3 NOV 2012 10:14
entering extended mode
 \write18 enabled.
 file:line:error style messages enabled.
 %&-line parsing enabled.
**KDDunknownUnknowns.tex
(./KDDunknownUnknowns.tex
LaTeX2e <2009/09/24>
Babel <v3.8l> and hyphenation patterns for english, dumylang, nohyphenation, ge
rman-x-2009-06-19, ngerman-x-2009-06-19, afrikaans, ancientgreek, ibycus, arabi
c, armenian, basque, bulgarian, catalan, pinyin, coptic, croatian, czech, danis
h, dutch, ukenglish, usenglishmax, esperanto, estonian, ethiopic, farsi, finnis
h, french, galician, german, ngerman, swissgerman, monogreek, greek, hungarian,
 icelandic, assamese, bengali, gujarati, hindi, kannada, malayalam, marathi, or
iya, panjabi, tamil, telugu, indonesian, interlingua, irish, italian, kurmanji,
 lao, latin, latvian, lithuanian, mongolian, mongolianlmc, bokmal, nynorsk, pol
ish, portuguese, romanian, russian, sanskrit, serbian, serbianc, slovak, sloven
ian, spanish, swedish, turkish, turkmen, ukrainian, uppersorbian, welsh, loaded
.
(./svjour3.cls
Document Class: svjour3 2007/05/08 v3.2 
LaTeX document class for Springer journals
Class Springer-SVJour3 Info: extra/valid Springer sub-package (-> *.clo) 
(Springer-SVJour3)           not found in option list of \documentclass
(Springer-SVJour3)           - autoactivating "global" style.
(./svglov3.clo
File: svglov3.clo 2009/12/18 v3.2 style option for standardised journals

SVJour Class option: svglov3.clo for standardised journals
)
LaTeX Font Info:    Redeclaring math symbol \Gamma on input line 147.
LaTeX Font Info:    Redeclaring math symbol \Delta on input line 148.
LaTeX Font Info:    Redeclaring math symbol \Theta on input line 149.
LaTeX Font Info:    Redeclaring math symbol \Lambda on input line 150.
LaTeX Font Info:    Redeclaring math symbol \Xi on input line 151.
LaTeX Font Info:    Redeclaring math symbol \Pi on input line 152.
LaTeX Font Info:    Redeclaring math symbol \Sigma on input line 153.
LaTeX Font Info:    Redeclaring math symbol \Upsilon on input line 154.
LaTeX Font Info:    Redeclaring math symbol \Phi on input line 155.
LaTeX Font Info:    Redeclaring math symbol \Psi on input line 156.
LaTeX Font Info:    Redeclaring math symbol \Omega on input line 157.
\logodepth=\dimen102
\headerboxheight=\dimen103
\betweenumberspace=\dimen104
\aftertext=\dimen105
\headlineindent=\dimen106
\c@inst=\count79
\c@auth=\count80
\instindent=\dimen107
\authrun=\box26
\authorrunning=\toks14
\titrun=\box27
\titlerunning=\toks15
\combirun=\box28
\c@lastpage=\count81
\rubricwidth=\dimen108
\c@section=\count82
\c@subsection=\count83
\c@subsubsection=\count84
\c@paragraph=\count85
\c@subparagraph=\count86
\spthmsep=\dimen109
\c@theorem=\count87
\c@case=\count88
\c@conjecture=\count89
\c@corollary=\count90
\c@definition=\count91
\c@example=\count92
\c@exercise=\count93
\c@lemma=\count94
\c@note=\count95
\c@problem=\count96
\c@property=\count97
\c@proposition=\count98
\c@question=\count99
\c@solution=\count100
\c@remark=\count101
\c@figure=\count102
\c@table=\count103
\abovecaptionskip=\skip41
\belowcaptionskip=\skip42
\figcapgap=\dimen110
\tabcapgap=\dimen111
\figgap=\dimen112
\bibindent=\dimen113
\@tempcntc=\count104
) (/usr/local/texlive/2011/texmf-dist/tex/latex/url/url.sty
\Urlmuskip=\muskip10
Package: url 2006/04/12  ver 3.3  Verb mode for urls, etc.
)
(/usr/local/texlive/2011/texmf-dist/tex/latex/graphics/graphics.sty
Package: graphics 2009/02/05 v1.0o Standard LaTeX Graphics (DPC,SPQR)

(/usr/local/texlive/2011/texmf-dist/tex/latex/graphics/trig.sty
Package: trig 1999/03/16 v1.09 sin cos tan (DPC)
)
(/usr/local/texlive/2011/texmf-dist/tex/latex/latexconfig/graphics.cfg
File: graphics.cfg 2010/04/23 v1.9 graphics configuration of TeX Live
)
Package graphics Info: Driver file: pdftex.def on input line 91.

(/usr/local/texlive/2011/texmf-dist/tex/latex/pdftex-def/pdftex.def
File: pdftex.def 2011/05/27 v0.06d Graphics/color for pdfTeX

(/usr/local/texlive/2011/texmf-dist/tex/generic/oberdiek/infwarerr.sty
Package: infwarerr 2010/04/08 v1.3 Providing info/warning/message (HO)
)
(/usr/local/texlive/2011/texmf-dist/tex/generic/oberdiek/ltxcmds.sty
Package: ltxcmds 2011/04/18 v1.20 LaTeX kernel commands for general use (HO)
)
\Gread@gobject=\count105
))
(/usr/local/texlive/2011/texmf-dist/tex/latex/graphics/graphicx.sty
Package: graphicx 1999/02/16 v1.0f Enhanced LaTeX Graphics (DPC,SPQR)

(/usr/local/texlive/2011/texmf-dist/tex/latex/graphics/keyval.sty
Package: keyval 1999/03/16 v1.13 key=value parser (DPC)
\KV@toks@=\toks16
)
\Gin@req@height=\dimen114
\Gin@req@width=\dimen115
)
(/usr/local/texlive/2011/texmf-dist/tex/latex/subfigure/subfigure.sty
Package: subfigure 2002/03/15 v2.1.5 subfigure package
\subfigtopskip=\skip43
\subfigcapskip=\skip44
\subfigcaptopadj=\dimen116
\subfigbottomskip=\skip45
\subfigcapmargin=\dimen117
\subfiglabelskip=\skip46
\c@subfigure=\count106
\c@lofdepth=\count107
\c@subtable=\count108
\c@lotdepth=\count109

****************************************
* Local config file subfigure.cfg used *
****************************************
(/usr/local/texlive/2011/texmf-dist/tex/latex/subfigure/subfigure.cfg)
\subfig@top=\skip47
\subfig@bottom=\skip48
)
(./KDDunknownUnknowns.aux)
\openout1 = `KDDunknownUnknowns.aux'.

LaTeX Font Info:    Checking defaults for OML/cmm/m/it on input line 25.
LaTeX Font Info:    ... okay on input line 25.
LaTeX Font Info:    Checking defaults for T1/cmr/m/n on input line 25.
LaTeX Font Info:    ... okay on input line 25.
LaTeX Font Info:    Checking defaults for OT1/cmr/m/n on input line 25.
LaTeX Font Info:    ... okay on input line 25.
LaTeX Font Info:    Checking defaults for OMS/cmsy/m/n on input line 25.
LaTeX Font Info:    ... okay on input line 25.
LaTeX Font Info:    Checking defaults for OMX/cmex/m/n on input line 25.
LaTeX Font Info:    ... okay on input line 25.
LaTeX Font Info:    Checking defaults for U/cmr/m/n on input line 25.
LaTeX Font Info:    ... okay on input line 25.

Unknown journal: specify \journalname{<name of your journal>} in preambel

(/usr/local/texlive/2011/texmf-dist/tex/context/base/supp-pdf.mkii
[Loading MPS to PDF converter (version 2006.09.02).]
\scratchcounter=\count110
\scratchdimen=\dimen118
\scratchbox=\box29
\nofMPsegments=\count111
\nofMParguments=\count112
\everyMPshowfont=\toks17
\MPscratchCnt=\count113
\MPscratchDim=\dimen119
\MPnumerator=\count114
\makeMPintoPDFobject=\count115
\everyMPtoPDFconversion=\toks18
) (/usr/local/texlive/2011/texmf-dist/tex/generic/oberdiek/pdftexcmds.sty
Package: pdftexcmds 2011/04/22 v0.16 Utilities of pdfTeX for LuaTeX (HO)

(/usr/local/texlive/2011/texmf-dist/tex/generic/oberdiek/ifluatex.sty
Package: ifluatex 2010/03/01 v1.3 Provides the ifluatex switch (HO)
Package ifluatex Info: LuaTeX not detected.
)
(/usr/local/texlive/2011/texmf-dist/tex/generic/oberdiek/ifpdf.sty
Package: ifpdf 2011/01/30 v2.3 Provides the ifpdf switch (HO)
Package ifpdf Info: pdfTeX in PDF mode is detected.
)
Package pdftexcmds Info: LuaTeX not detected.
Package pdftexcmds Info: \pdf@primitive is available.
Package pdftexcmds Info: \pdf@ifprimitive is available.
Package pdftexcmds Info: \pdfdraftmode found.
)
(/usr/local/texlive/2011/texmf-dist/tex/latex/oberdiek/epstopdf-base.sty
Package: epstopdf-base 2010/02/09 v2.5 Base part for package epstopdf

(/usr/local/texlive/2011/texmf-dist/tex/latex/oberdiek/grfext.sty
Package: grfext 2010/08/19 v1.1 Managing graphics extensions (HO)

(/usr/local/texlive/2011/texmf-dist/tex/generic/oberdiek/kvdefinekeys.sty
Package: kvdefinekeys 2011/04/07 v1.3 Defining keys (HO)
))
(/usr/local/texlive/2011/texmf-dist/tex/latex/oberdiek/kvoptions.sty
Package: kvoptions 2010/12/23 v3.10 Keyval support for LaTeX options (HO)

(/usr/local/texlive/2011/texmf-dist/tex/generic/oberdiek/kvsetkeys.sty
Package: kvsetkeys 2011/04/07 v1.13 Key value parser (HO)

(/usr/local/texlive/2011/texmf-dist/tex/generic/oberdiek/etexcmds.sty
Package: etexcmds 2011/02/16 v1.5 Prefix for e-TeX command names (HO)
Package etexcmds Info: Could not find \expanded.
(etexcmds)             That can mean that you are not using pdfTeX 1.50 or
(etexcmds)             that some package has redefined \expanded.
(etexcmds)             In the latter case, load this package earlier.
)))
Package grfext Info: Graphics extension search list:
(grfext)             [.png,.pdf,.jpg,.mps,.jpeg,.jbig2,.jb2,.PNG,.PDF,.JPG,.JPE
G,.JBIG2,.JB2,.eps]
(grfext)             \AppendGraphicsExtensions on input line 452.

(/usr/local/texlive/2011/texmf-dist/tex/latex/latexconfig/epstopdf-sys.cfg
File: epstopdf-sys.cfg 2010/07/13 v1.3 Configuration of (r)epstopdf for TeX Liv
e
))
SVJour3 warning: Missing \journalname
SVJour3 warning: Missing \date
SVJour3 warning: Missing \institute

LaTeX Font Warning: Font shape `OT1/cmr/bx/n' in size <9.5> not available
(Font)              size <9> substituted on input line 74.


LaTeX Font Warning: Font shape `OT1/cmr/bx/n' in size <13> not available
(Font)              size <12> substituted on input line 74.

LaTeX Font Info:    Calculating math sizes for size <9.5> on input line 74.

LaTeX Font Warning: Font shape `OML/cmm/b/it' in size <9.5> not available
(Font)              size <9> substituted on input line 74.


LaTeX Font Warning: Font shape `OMS/cmsy/b/n' in size <9.5> not available
(Font)              size <9> substituted on input line 74.

LaTeX Font Info:    External font `cmex10' loaded for size
(Font)              <9.5> on input line 74.
LaTeX Font Info:    External font `cmex10' loaded for size
(Font)              <6.64996> on input line 74.
LaTeX Font Info:    External font `cmex10' loaded for size
(Font)              <4.75> on input line 74.

LaTeX Font Warning: Font shape `OML/cmm/m/it' in size <9.5> not available
(Font)              size <9> substituted on input line 74.


LaTeX Font Warning: Font shape `OMS/cmsy/m/n' in size <9.5> not available
(Font)              size <9> substituted on input line 74.

LaTeX Font Info:    External font `cmex10' loaded for size
(Font)              <8> on input line 74.
LaTeX Font Info:    External font `cmex10' loaded for size
(Font)              <6> on input line 74.
LaTeX Font Info:    External font `cmex10' loaded for size
(Font)              <5> on input line 74.

SVJour3 Warning: Title too long for running head.
Please supply a shorter form with \titlerunning prior to \maketitle

LaTeX Font Warning: Font shape `OT1/cmr/m/it' in size <9.5> not available
(Font)              size <9> substituted on input line 81.


LaTeX Font Warning: Font shape `OT1/cmr/bx/it' in size <9.5> not available
(Font)              size <9> substituted on input line 86.


Underfull \hbox (badness 10000) in paragraph at lines 85--87

 []

(./1-introduction.tex [1{/usr/local/texlive/2011/texmf-var/fonts/map/pdftex/upd
map/pdftex.map}] [2] [3]) (./2-unknowns.tex

LaTeX Warning: Citation ` Platt99probabilisticoutputs' on page 4 undefined on i
nput line 3.


Overfull \hbox (9.18466pt too wide) in paragraph at lines 5--8
[]\OT1/cmr/bx/n/9 (Known Un-known) []\OT1/cmr/m/n/9.5 Let $\OML/cmm/m/it/9 M\OT
1/cmr/m/n/9.5 (\OML/cmm/m/it/9 x\OT1/cmr/m/n/9.5 ) = 1 \OMS/cmsy/m/n/9 ^^@ \OML
/cmm/m/it/9 p\OT1/cmr/m/n/9.5 ([]\OMS/cmsy/m/n/9 j\OML/cmm/m/it/9 x\OT1/cmr/m/n
/9.5 )$, where $[] = [] [][] \OML/cmm/m/it/9 p\OT1/cmr/m/n/9.5 (\OML/cmm/m/it/9
 y\OMS/cmsy/m/n/9 j\OML/cmm/m/it/9 x\OT1/cmr/m/n/9.5 )$,
 []

[4] <plots/reject_decision_bounds_fill.png, id=27, 411.136pt x 308.352pt>
File: plots/reject_decision_bounds_fill.png Graphic file (type png)

<use plots/reject_decision_bounds_fill.png>
Package pdftex.def Info: plots/reject_decision_bounds_fill.png used on input li
ne 25.
(pdftex.def)             Requested size: 329.64894pt x 247.24184pt.

<plots/cost_reject_decision_bounds_fill.png, id=28, 429.605pt x 563.706pt>
File: plots/cost_reject_decision_bounds_fill.png Graphic file (type png)

<use plots/cost_reject_decision_bounds_fill.png>
Package pdftex.def Info: plots/cost_reject_decision_bounds_fill.png used on inp
ut line 40.
(pdftex.def)             Requested size: 329.64894pt x 432.5583pt.
 [5]

LaTeX Warning: Citation ` attprov:kdd2010' on page 6 undefined on input line 55
.

[6 <./plots/reject_decision_bounds_fill.png>] [7 <./plots/cost_reject_decision_
bounds_fill.png>]
<plots/example_function_2.png, id=43, 531.1845pt x 533.3526pt>
File: plots/example_function_2.png Graphic file (type png)

<use plots/example_function_2.png>
Package pdftex.def Info: plots/example_function_2.png used on input line 79.
(pdftex.def)             Requested size: 364.35106pt x 365.84889pt.

Overfull \hbox (17.35106pt too wide) in paragraph at lines 79--80
 [] 
 []

) (./3-measuring.tex [8]
Underfull \vbox (badness 10000) has occurred while \output is active []

 [9 <./plots/example_function_2.png>] [10]
<plots/decreasing_UU-KU_150_3knn.png, id=56, 578.16pt x 433.62pt>
File: plots/decreasing_UU-KU_150_3knn.png Graphic file (type png)

<use plots/decreasing_UU-KU_150_3knn.png>
Package pdftex.def Info: plots/decreasing_UU-KU_150_3knn.png used on input line
 61.
(pdftex.def)             Requested size: 364.34859pt x 128.03589pt.

<plots/decreasing_UU-KU_1500_3knn.png, id=57, 578.16pt x 433.62pt>
File: plots/decreasing_UU-KU_1500_3knn.png Graphic file (type png)

<use plots/decreasing_UU-KU_1500_3knn.png>
Package pdftex.def Info: plots/decreasing_UU-KU_1500_3knn.png used on input lin
e 71.
(pdftex.def)             Requested size: 364.34859pt x 128.03589pt.

<plots/decreasing_UU-KU_15000_3knn.png, id=58, 578.16pt x 433.62pt>
File: plots/decreasing_UU-KU_15000_3knn.png Graphic file (type png)

<use plots/decreasing_UU-KU_15000_3knn.png>
Package pdftex.def Info: plots/decreasing_UU-KU_15000_3knn.png used on input li
ne 75.
(pdftex.def)             Requested size: 364.34859pt x 128.03589pt.

Overfull \hbox (23.01534pt too wide) in paragraph at lines 61--77
 [] 
 []


Overfull \hbox (23.01534pt too wide) in paragraph at lines 61--77
 [] 
 []


Overfull \hbox (23.01534pt too wide) in paragraph at lines 61--77
 [] 
 []

) (./4-btm-design.tex
Underfull \vbox (badness 10000) has occurred while \output is active []

 [11 <./plots/decreasing_UU-KU_150_3knn.png> <./plots/decreasing_UU-KU_1500_3kn
n.png> <./plots/decreasing_UU-KU_15000_3knn.png>]

./4-btm-design.tex:6: LaTeX Error: Command \Box not provided in base LaTeX2e.

See the LaTeX manual or LaTeX Companion for explanation.
Type  H <return>  for immediate help.
 ...                                              
                                                  
l.6 ...nted in Figure~\ref{fig:uuvsku}. \end{xmpl}
                                                  
? 
[12] <plots/btm-HIT.png, id=68, 760.34062pt x 389.20406pt>
File: plots/btm-HIT.png Graphic file (type png)

<use plots/btm-HIT.png>
Package pdftex.def Info: plots/btm-HIT.png used on input line 43.
(pdftex.def)             Requested size: 347.0pt x 177.62856pt.
 [13]) (./5-results.tex [14 <./plots/btm-HIT.png>]
<plots/Hate-speech-scores.PNG, id=77, 577.40718pt x 420.06938pt>
File: plots/Hate-speech-scores.PNG Graphic file (type png)

<use plots/Hate-speech-scores.PNG>
Package pdftex.def Info: plots/Hate-speech-scores.PNG used on input line 50.
(pdftex.def)             Requested size: 347.0pt x 252.4538pt.

<plots/porn-scores.PNG, id=78, 582.67688pt x 420.06938pt>
File: plots/porn-scores.PNG Graphic file (type png)

<use plots/porn-scores.PNG>
Package pdftex.def Info: plots/porn-scores.PNG used on input line 54.
(pdftex.def)             Requested size: 347.0pt x 250.16551pt.

Overfull \hbox (5.66675pt too wide) in paragraph at lines 50--55
 [] 
 []


Overfull \hbox (5.66675pt too wide) in paragraph at lines 50--55
 [] 
 []


LaTeX Warning: Float too large for page by 7.81023pt on input line 58.


Underfull \vbox (badness 3323) has occurred while \output is active []

 [15]
<plots/adt_btm_eval.png, id=82, 449.68pt x 337.26pt>
File: plots/adt_btm_eval.png Graphic file (type png)

<use plots/adt_btm_eval.png>
Package pdftex.def Info: plots/adt_btm_eval.png used on input line 108.
(pdftex.def)             Requested size: 347.0pt x 260.26222pt.
) (./6-future.tex [16]) (./KDDunknownUnknowns.bbl
[17]) [18] [19 <./plots/Hate-speech-scores.PNG> <./plots/porn-scores.PNG>]
[20 <./plots/adt_btm_eval.png (PNG copy)>] (./KDDunknownUnknowns.aux)

LaTeX Font Warning: Size substitutions with differences
(Font)              up to 1.0pt have occurred.

 ) 
Here is how much of TeX's memory you used:
 2152 strings out of 493633
 30291 string characters out of 3143378
 91700 words of memory out of 3000000
 5406 multiletter control sequences out of 15000+200000
 11684 words of font info for 40 fonts, out of 3000000 for 9000
 831 hyphenation exceptions out of 8191
 38i,8n,24p,1532b,293s stack positions out of 5000i,500n,10000p,200000b,50000s
</usr/local/texlive/2011/texmf-dist/fonts/type1/public/amsfonts/cmextra/cmbsy
9.pfb></usr/local/texlive/2011/texmf-dist/fonts/type1/public/amsfonts/cm/cmbx12
.pfb></usr/local/texlive/2011/texmf-dist/fonts/type1/public/amsfonts/cm/cmbx8.p
fb></usr/local/texlive/2011/texmf-dist/fonts/type1/public/amsfonts/cm/cmbx9.pfb
></usr/local/texlive/2011/texmf-dist/fonts/type1/public/amsfonts/cm/cmbxti10.pf
b></usr/local/texlive/2011/texmf-dist/fonts/type1/public/amsfonts/cm/cmex10.pfb
></usr/local/texlive/2011/texmf-dist/fonts/type1/public/amsfonts/cm/cmmi7.pfb><
/usr/local/texlive/2011/texmf-dist/fonts/type1/public/amsfonts/cm/cmmi8.pfb></u
sr/local/texlive/2011/texmf-dist/fonts/type1/public/amsfonts/cm/cmmi9.pfb></usr
/local/texlive/2011/texmf-dist/fonts/type1/public/amsfonts/cm/cmr6.pfb></usr/lo
cal/texlive/2011/texmf-dist/fonts/type1/public/amsfonts/cm/cmr8.pfb></usr/local
/texlive/2011/texmf-dist/fonts/type1/public/amsfonts/cm/cmr9.pfb></usr/local/te
xlive/2011/texmf-dist/fonts/type1/public/amsfonts/cm/cmsy5.pfb></usr/local/texl
ive/2011/texmf-dist/fonts/type1/public/amsfonts/cm/cmsy7.pfb></usr/local/texliv
e/2011/texmf-dist/fonts/type1/public/amsfonts/cm/cmsy8.pfb></usr/local/texlive/
2011/texmf-dist/fonts/type1/public/amsfonts/cm/cmsy9.pfb></usr/local/texlive/20
11/texmf-dist/fonts/type1/public/amsfonts/cm/cmti8.pfb></usr/local/texlive/2011
/texmf-dist/fonts/type1/public/amsfonts/cm/cmti9.pfb>
Output written on KDDunknownUnknowns.pdf (20 pages, 695821 bytes).
PDF statistics:
 160 PDF objects out of 1000 (max. 8388607)
 101 compressed objects within 2 object streams
 0 named destinations out of 1000 (max. 500000)
 51 words of extra memory for PDF output out of 10000 (max. 10000000)

