This is pdfTeX, Version 3.1415926-2.4-1.40.13 (MiKTeX 2.9) (preloaded format=pdflatex 2013.1.22)  21 FEB 2013 00:40
entering extended mode
**MLJUnknownUnknowns.tex

("C:\Dropbox\workspace\beatTheMachine\MLJ Unknown Unknowns\Revision 1\MLJUnknow
nUnknowns.tex"
LaTeX2e <2011/06/27>
Babel <v3.8m> and hyphenation patterns for english, afrikaans, ancientgreek, ar
abic, armenian, assamese, basque, bengali, bokmal, bulgarian, catalan, coptic, 
croatian, czech, danish, dutch, esperanto, estonian, farsi, finnish, french, ga
lician, german, german-x-2012-05-30, greek, gujarati, hindi, hungarian, iceland
ic, indonesian, interlingua, irish, italian, kannada, kurmanji, latin, latvian,
 lithuanian, malayalam, marathi, mongolian, mongolianlmc, monogreek, ngerman, n
german-x-2012-05-30, nynorsk, oriya, panjabi, pinyin, polish, portuguese, roman
ian, russian, sanskrit, serbian, slovak, slovenian, spanish, swedish, swissgerm
an, tamil, telugu, turkish, turkmen, ukenglish, ukrainian, uppersorbian, usengl
ishmax, welsh, loaded.

("C:\Dropbox\workspace\beatTheMachine\MLJ Unknown Unknowns\Revision 1\svjour3.c
ls"
Document Class: svjour3 2007/05/08 v3.2 
LaTeX document class for Springer journals
Class Springer-SVJour3 Info: extra/valid Springer sub-package (-> *.clo) 
(Springer-SVJour3)           not found in option list of \documentclass
(Springer-SVJour3)           - autoactivating "global" style.

("C:\Dropbox\workspace\beatTheMachine\MLJ Unknown Unknowns\Revision 1\svglov3.c
lo"
File: svglov3.clo 2009/12/18 v3.2 style option for standardised journals

SVJour Class option: svglov3.clo for standardised journals
)
LaTeX Font Info:    Redeclaring math symbol \Gamma on input line 147.
LaTeX Font Info:    Redeclaring math symbol \Delta on input line 148.
LaTeX Font Info:    Redeclaring math symbol \Theta on input line 149.
LaTeX Font Info:    Redeclaring math symbol \Lambda on input line 150.
LaTeX Font Info:    Redeclaring math symbol \Xi on input line 151.
LaTeX Font Info:    Redeclaring math symbol \Pi on input line 152.
LaTeX Font Info:    Redeclaring math symbol \Sigma on input line 153.
LaTeX Font Info:    Redeclaring math symbol \Upsilon on input line 154.
LaTeX Font Info:    Redeclaring math symbol \Phi on input line 155.
LaTeX Font Info:    Redeclaring math symbol \Psi on input line 156.
LaTeX Font Info:    Redeclaring math symbol \Omega on input line 157.
\logodepth=\dimen102
\headerboxheight=\dimen103
\betweenumberspace=\dimen104
\aftertext=\dimen105
\headlineindent=\dimen106
\c@inst=\count79
\c@auth=\count80
\instindent=\dimen107
\authrun=\box26
\authorrunning=\toks14
\titrun=\box27
\titlerunning=\toks15
\combirun=\box28
\c@lastpage=\count81
\rubricwidth=\dimen108
\c@section=\count82
\c@subsection=\count83
\c@subsubsection=\count84
\c@paragraph=\count85
\c@subparagraph=\count86
\spthmsep=\dimen109
\c@theorem=\count87
\c@case=\count88
\c@conjecture=\count89
\c@corollary=\count90
\c@definition=\count91
\c@example=\count92
\c@exercise=\count93
\c@lemma=\count94
\c@note=\count95
\c@problem=\count96
\c@property=\count97
\c@proposition=\count98
\c@question=\count99
\c@solution=\count100
\c@remark=\count101
\c@figure=\count102
\c@table=\count103
\abovecaptionskip=\skip41
\belowcaptionskip=\skip42
\figcapgap=\dimen110
\tabcapgap=\dimen111
\figgap=\dimen112
\bibindent=\dimen113
\@tempcntc=\count104
) ("C:\Program Files (x86)\MiKTeX 2.9\tex\latex\ltxmisc\url.sty"
\Urlmuskip=\muskip10
Package: url 2006/04/12  ver 3.3  Verb mode for urls, etc.
)
("C:\Program Files (x86)\MiKTeX 2.9\tex\latex\graphics\graphics.sty"
Package: graphics 2009/02/05 v1.0o Standard LaTeX Graphics (DPC,SPQR)

("C:\Program Files (x86)\MiKTeX 2.9\tex\latex\graphics\trig.sty"
Package: trig 1999/03/16 v1.09 sin cos tan (DPC)
)
("C:\Program Files (x86)\MiKTeX 2.9\tex\latex\00miktex\graphics.cfg"
File: graphics.cfg 2007/01/18 v1.5 graphics configuration of teTeX/TeXLive
)
Package graphics Info: Driver file: pdftex.def on input line 91.

("C:\Program Files (x86)\MiKTeX 2.9\tex\latex\pdftex-def\pdftex.def"
File: pdftex.def 2011/05/27 v0.06d Graphics/color for pdfTeX

("C:\Program Files (x86)\MiKTeX 2.9\tex\generic\oberdiek\infwarerr.sty"
Package: infwarerr 2010/04/08 v1.3 Providing info/warning/error messages (HO)
)
("C:\Program Files (x86)\MiKTeX 2.9\tex\generic\oberdiek\ltxcmds.sty"
Package: ltxcmds 2011/11/09 v1.22 LaTeX kernel commands for general use (HO)
)
\Gread@gobject=\count105
))
("C:\Program Files (x86)\MiKTeX 2.9\tex\latex\graphics\graphicx.sty"
Package: graphicx 1999/02/16 v1.0f Enhanced LaTeX Graphics (DPC,SPQR)

("C:\Program Files (x86)\MiKTeX 2.9\tex\latex\graphics\keyval.sty"
Package: keyval 1999/03/16 v1.13 key=value parser (DPC)
\KV@toks@=\toks16
)
\Gin@req@height=\dimen114
\Gin@req@width=\dimen115
)
("C:\Program Files (x86)\MiKTeX 2.9\tex\latex\ams\math\amsmath.sty"
Package: amsmath 2000/07/18 v2.13 AMS math features
\@mathmargin=\skip43

For additional information on amsmath, use the `?' option.
("C:\Program Files (x86)\MiKTeX 2.9\tex\latex\ams\math\amstext.sty"
Package: amstext 2000/06/29 v2.01

("C:\Program Files (x86)\MiKTeX 2.9\tex\latex\ams\math\amsgen.sty"
File: amsgen.sty 1999/11/30 v2.0
\@emptytoks=\toks17
\ex@=\dimen116
))
("C:\Program Files (x86)\MiKTeX 2.9\tex\latex\ams\math\amsbsy.sty"
Package: amsbsy 1999/11/29 v1.2d
\pmbraise@=\dimen117
)
("C:\Program Files (x86)\MiKTeX 2.9\tex\latex\ams\math\amsopn.sty"
Package: amsopn 1999/12/14 v2.01 operator names
)
\inf@bad=\count106
LaTeX Info: Redefining \frac on input line 211.
\uproot@=\count107
\leftroot@=\count108
LaTeX Info: Redefining \overline on input line 307.
\classnum@=\count109
\DOTSCASE@=\count110
LaTeX Info: Redefining \ldots on input line 379.
LaTeX Info: Redefining \dots on input line 382.
LaTeX Info: Redefining \cdots on input line 467.
\Mathstrutbox@=\box29
\strutbox@=\box30
\big@size=\dimen118
LaTeX Font Info:    Redeclaring font encoding OML on input line 567.
LaTeX Font Info:    Redeclaring font encoding OMS on input line 568.


Package amsmath Warning: Unable to redefine math accent \vec.

\macc@depth=\count111
\c@MaxMatrixCols=\count112
\dotsspace@=\muskip11
\c@parentequation=\count113
\dspbrk@lvl=\count114
\tag@help=\toks18
\row@=\count115
\column@=\count116
\maxfields@=\count117
\andhelp@=\toks19
\eqnshift@=\dimen119
\alignsep@=\dimen120
\tagshift@=\dimen121
\tagwidth@=\dimen122
\totwidth@=\dimen123
\lineht@=\dimen124
\@envbody=\toks20
\multlinegap=\skip44
\multlinetaggap=\skip45
\mathdisplay@stack=\toks21
LaTeX Info: Redefining \[ on input line 2666.
LaTeX Info: Redefining \] on input line 2667.
) ("C:\Program Files (x86)\MiKTeX 2.9\tex\latex\amsfonts\amssymb.sty"
Package: amssymb 2009/06/22 v3.00

("C:\Program Files (x86)\MiKTeX 2.9\tex\latex\amsfonts\amsfonts.sty"
Package: amsfonts 2009/06/22 v3.00 Basic AMSFonts support
\symAMSa=\mathgroup4
\symAMSb=\mathgroup5
LaTeX Font Info:    Overwriting math alphabet `\mathfrak' in version `bold'
(Font)                  U/euf/m/n --> U/euf/b/n on input line 96.
))
("C:\Users\Panos Ipeirotis\AppData\Roaming\MiKTeX\2.9\tex\latex\subfigure\subfi
gure.sty"
Package: subfigure 2002/07/30 v2.1.4 subfigure package
\subfigtopskip=\skip46
\subfigcapskip=\skip47
\subfigcaptopadj=\dimen125
\subfigbottomskip=\skip48
\subfigcapmargin=\dimen126
\subfiglabelskip=\skip49
\c@subfigure=\count118
\c@lofdepth=\count119
\c@subtable=\count120
\c@lotdepth=\count121

****************************************
* Local config file subfigure.cfg used *
****************************************

("C:\Users\Panos Ipeirotis\AppData\Roaming\MiKTeX\2.9\tex\latex\subfigure\subfi
gure.cfg")
\subfig@top=\skip50
\subfig@bottom=\skip51
)
("C:\Users\Panos Ipeirotis\AppData\Roaming\MiKTeX\2.9\tex\latex\microtype\micro
type.sty"
Package: microtype 2010/01/10 v2.4 Micro-typography with pdfTeX (RS)
\MT@toks=\toks22
\MT@count=\count122
LaTeX Info: Redefining \lsstyle on input line 1597.
LaTeX Info: Redefining \lslig on input line 1597.
\MT@outer@space=\skip52
LaTeX Info: Redefining \textls on input line 1605.
\MT@outer@kern=\dimen127
LaTeX Info: Redefining \textmicrotypecontext on input line 2156.
Package microtype Info: Loading configuration file microtype.cfg.

("C:\Users\Panos Ipeirotis\AppData\Roaming\MiKTeX\2.9\tex\latex\microtype\micro
type.cfg"
File: microtype.cfg 2010/01/10 v2.4 microtype main configuration file (RS)
)) ("C:\Program Files (x86)\MiKTeX 2.9\tex\latex\geometry\geometry.sty"
Package: geometry 2010/09/12 v5.6 Page Geometry
 ("C:\Program Files (x86)\MiKTeX 2.9\tex\generic\oberdiek\ifpdf.sty"
Package: ifpdf 2011/01/30 v2.3 Provides the ifpdf switch (HO)
Package ifpdf Info: pdfTeX in PDF mode is detected.
)
("C:\Program Files (x86)\MiKTeX 2.9\tex\generic\oberdiek\ifvtex.sty"
Package: ifvtex 2010/03/01 v1.5 Detect VTeX and its facilities (HO)
Package ifvtex Info: VTeX not detected.
)
("C:\Program Files (x86)\MiKTeX 2.9\tex\generic\ifxetex\ifxetex.sty"
Package: ifxetex 2010/09/12 v0.6 Provides ifxetex conditional
)
\Gm@cnth=\count123
\Gm@cntv=\count124
\c@Gm@tempcnt=\count125
\Gm@bindingoffset=\dimen128
\Gm@wd@mp=\dimen129
\Gm@odd@mp=\dimen130
\Gm@even@mp=\dimen131
\Gm@layoutwidth=\dimen132
\Gm@layoutheight=\dimen133
\Gm@layouthoffset=\dimen134
\Gm@layoutvoffset=\dimen135
\Gm@dimlist=\toks23

("C:\Program Files (x86)\MiKTeX 2.9\tex\latex\geometry\geometry.cfg"))
("C:\Program Files (x86)\MiKTeX 2.9\tex\latex\tools\xr.sty"
Package: xr 1994/05/28 v5.02 eXternal References (DPC)
)
("C:\Users\Panos Ipeirotis\AppData\Roaming\MiKTeX\2.9\tex\latex\todonotes\todon
otes.sty"
Package: todonotes 2012/07/25 .dtx Todonotes source and documentation.
Package: todonotes 2012/07/25
 ("C:\Program Files (x86)\MiKTeX 2.9\tex\latex\base\ifthen.sty"
Package: ifthen 2001/05/26 v1.1c Standard LaTeX ifthen package (DPC)
)
("C:\Program Files (x86)\MiKTeX 2.9\tex\latex\xkeyval\xkeyval.sty"
Package: xkeyval 2012/10/14 v2.6b package option processing (HA)

("C:\Program Files (x86)\MiKTeX 2.9\tex\generic\xkeyval\xkeyval.tex"
\XKV@toks=\toks24
\XKV@tempa@toks=\toks25
\XKV@depth=\count126
File: xkeyval.tex 2012/10/14 v2.6b key=value parser (HA)
))
("C:\Users\Panos Ipeirotis\AppData\Roaming\MiKTeX\2.9\tex\latex\xcolor\xcolor.s
ty"
Package: xcolor 2007/01/21 v2.11 LaTeX color extensions (UK)
 ("C:\Program Files (x86)\MiKTeX 2.9\tex\latex\00miktex\color.cfg"
File: color.cfg 2007/01/18 v1.5 color configuration of teTeX/TeXLive
)
Package xcolor Info: Driver file: pdftex.def on input line 225.
Package xcolor Info: Model `cmy' substituted by `cmy0' on input line 1337.
Package xcolor Info: Model `hsb' substituted by `rgb' on input line 1341.
Package xcolor Info: Model `RGB' extended on input line 1353.
Package xcolor Info: Model `HTML' substituted by `rgb' on input line 1355.
Package xcolor Info: Model `Hsb' substituted by `hsb' on input line 1356.
Package xcolor Info: Model `tHsb' substituted by `hsb' on input line 1357.
Package xcolor Info: Model `HSB' substituted by `hsb' on input line 1358.
Package xcolor Info: Model `Gray' substituted by `gray' on input line 1359.
Package xcolor Info: Model `wave' substituted by `hsb' on input line 1360.
)
("C:\Users\Panos Ipeirotis\AppData\Roaming\MiKTeX\2.9\tex\latex\pgf\frontendlay
er\tikz.sty"
("C:\Users\Panos Ipeirotis\AppData\Roaming\MiKTeX\2.9\tex\latex\pgf\basiclayer\
pgf.sty"
("C:\Users\Panos Ipeirotis\AppData\Roaming\MiKTeX\2.9\tex\latex\pgf\utilities\p
gfrcs.sty"
("C:\Users\Panos Ipeirotis\AppData\Roaming\MiKTeX\2.9\tex\generic\pgf\utilities
\pgfutil-common.tex"
\pgfutil@everybye=\toks26
)
("C:\Users\Panos Ipeirotis\AppData\Roaming\MiKTeX\2.9\tex\generic\pgf\utilities
\pgfutil-latex.def"
\pgfutil@abb=\box31

("C:\Users\Panos Ipeirotis\AppData\Roaming\MiKTeX\2.9\tex\latex\ms\everyshi.sty
"
Package: everyshi 2001/05/15 v3.00 EveryShipout Package (MS)
))
("C:\Users\Panos Ipeirotis\AppData\Roaming\MiKTeX\2.9\tex\generic\pgf\utilities
\pgfrcs.code.tex"
Package: pgfrcs 2010/10/25 v2.10 (rcs-revision 1.24)
))
Package: pgf 2008/01/15 v2.10 (rcs-revision 1.12)

("C:\Users\Panos Ipeirotis\AppData\Roaming\MiKTeX\2.9\tex\latex\pgf\basiclayer\
pgfcore.sty"
("C:\Users\Panos Ipeirotis\AppData\Roaming\MiKTeX\2.9\tex\latex\pgf\systemlayer
\pgfsys.sty"
("C:\Users\Panos Ipeirotis\AppData\Roaming\MiKTeX\2.9\tex\generic\pgf\systemlay
er\pgfsys.code.tex"
Package: pgfsys 2010/06/30 v2.10 (rcs-revision 1.37)

("C:\Users\Panos Ipeirotis\AppData\Roaming\MiKTeX\2.9\tex\generic\pgf\utilities
\pgfkeys.code.tex"
\pgfkeys@pathtoks=\toks27
\pgfkeys@temptoks=\toks28

("C:\Users\Panos Ipeirotis\AppData\Roaming\MiKTeX\2.9\tex\generic\pgf\utilities
\pgfkeysfiltered.code.tex"
\pgfkeys@tmptoks=\toks29
))
\pgf@x=\dimen136
\pgf@y=\dimen137
\pgf@xa=\dimen138
\pgf@ya=\dimen139
\pgf@xb=\dimen140
\pgf@yb=\dimen141
\pgf@xc=\dimen142
\pgf@yc=\dimen143
\w@pgf@writea=\write3
\r@pgf@reada=\read1
\c@pgf@counta=\count127
\c@pgf@countb=\count128
\c@pgf@countc=\count129
\c@pgf@countd=\count130

("C:\Users\Panos Ipeirotis\AppData\Roaming\MiKTeX\2.9\tex\generic\pgf\systemlay
er\pgf.cfg"
File: pgf.cfg 2008/05/14  (rcs-revision 1.7)
)
Package pgfsys Info: Driver file for pgf: pgfsys-pdftex.def on input line 900.

("C:\Users\Panos Ipeirotis\AppData\Roaming\MiKTeX\2.9\tex\generic\pgf\systemlay
er\pgfsys-pdftex.def"
File: pgfsys-pdftex.def 2009/05/22  (rcs-revision 1.26)

("C:\Users\Panos Ipeirotis\AppData\Roaming\MiKTeX\2.9\tex\generic\pgf\systemlay
er\pgfsys-common-pdf.def"
File: pgfsys-common-pdf.def 2008/05/19  (rcs-revision 1.10)
)))
("C:\Users\Panos Ipeirotis\AppData\Roaming\MiKTeX\2.9\tex\generic\pgf\systemlay
er\pgfsyssoftpath.code.tex"
File: pgfsyssoftpath.code.tex 2008/07/18  (rcs-revision 1.7)
\pgfsyssoftpath@smallbuffer@items=\count131
\pgfsyssoftpath@bigbuffer@items=\count132
)
("C:\Users\Panos Ipeirotis\AppData\Roaming\MiKTeX\2.9\tex\generic\pgf\systemlay
er\pgfsysprotocol.code.tex"
File: pgfsysprotocol.code.tex 2006/10/16  (rcs-revision 1.4)
))
("C:\Users\Panos Ipeirotis\AppData\Roaming\MiKTeX\2.9\tex\generic\pgf\basiclaye
r\pgfcore.code.tex"
Package: pgfcore 2010/04/11 v2.10 (rcs-revision 1.7)

("C:\Users\Panos Ipeirotis\AppData\Roaming\MiKTeX\2.9\tex\generic\pgf\math\pgfm
ath.code.tex"
("C:\Users\Panos Ipeirotis\AppData\Roaming\MiKTeX\2.9\tex\generic\pgf\math\pgfm
athcalc.code.tex"
("C:\Users\Panos Ipeirotis\AppData\Roaming\MiKTeX\2.9\tex\generic\pgf\math\pgfm
athutil.code.tex")
("C:\Users\Panos Ipeirotis\AppData\Roaming\MiKTeX\2.9\tex\generic\pgf\math\pgfm
athparser.code.tex"
\pgfmath@dimen=\dimen144
\pgfmath@count=\count133
\pgfmath@box=\box32
\pgfmath@toks=\toks30
\pgfmath@stack@operand=\toks31
\pgfmath@stack@operation=\toks32
)
("C:\Users\Panos Ipeirotis\AppData\Roaming\MiKTeX\2.9\tex\generic\pgf\math\pgfm
athfunctions.code.tex"
("C:\Users\Panos Ipeirotis\AppData\Roaming\MiKTeX\2.9\tex\generic\pgf\math\pgfm
athfunctions.basic.code.tex")
("C:\Users\Panos Ipeirotis\AppData\Roaming\MiKTeX\2.9\tex\generic\pgf\math\pgfm
athfunctions.trigonometric.code.tex")
("C:\Users\Panos Ipeirotis\AppData\Roaming\MiKTeX\2.9\tex\generic\pgf\math\pgfm
athfunctions.random.code.tex")
("C:\Users\Panos Ipeirotis\AppData\Roaming\MiKTeX\2.9\tex\generic\pgf\math\pgfm
athfunctions.comparison.code.tex")
("C:\Users\Panos Ipeirotis\AppData\Roaming\MiKTeX\2.9\tex\generic\pgf\math\pgfm
athfunctions.base.code.tex")
("C:\Users\Panos Ipeirotis\AppData\Roaming\MiKTeX\2.9\tex\generic\pgf\math\pgfm
athfunctions.round.code.tex")
("C:\Users\Panos Ipeirotis\AppData\Roaming\MiKTeX\2.9\tex\generic\pgf\math\pgfm
athfunctions.misc.code.tex")))
("C:\Users\Panos Ipeirotis\AppData\Roaming\MiKTeX\2.9\tex\generic\pgf\math\pgfm
athfloat.code.tex"
\c@pgfmathroundto@lastzeros=\count134
))
("C:\Users\Panos Ipeirotis\AppData\Roaming\MiKTeX\2.9\tex\generic\pgf\basiclaye
r\pgfcorepoints.code.tex"
File: pgfcorepoints.code.tex 2010/04/09  (rcs-revision 1.20)
\pgf@picminx=\dimen145
\pgf@picmaxx=\dimen146
\pgf@picminy=\dimen147
\pgf@picmaxy=\dimen148
\pgf@pathminx=\dimen149
\pgf@pathmaxx=\dimen150
\pgf@pathminy=\dimen151
\pgf@pathmaxy=\dimen152
\pgf@xx=\dimen153
\pgf@xy=\dimen154
\pgf@yx=\dimen155
\pgf@yy=\dimen156
\pgf@zx=\dimen157
\pgf@zy=\dimen158
)
("C:\Users\Panos Ipeirotis\AppData\Roaming\MiKTeX\2.9\tex\generic\pgf\basiclaye
r\pgfcorepathconstruct.code.tex"
File: pgfcorepathconstruct.code.tex 2010/08/03  (rcs-revision 1.24)
\pgf@path@lastx=\dimen159
\pgf@path@lasty=\dimen160
)
("C:\Users\Panos Ipeirotis\AppData\Roaming\MiKTeX\2.9\tex\generic\pgf\basiclaye
r\pgfcorepathusage.code.tex"
File: pgfcorepathusage.code.tex 2008/04/22  (rcs-revision 1.12)
\pgf@shorten@end@additional=\dimen161
\pgf@shorten@start@additional=\dimen162
)
("C:\Users\Panos Ipeirotis\AppData\Roaming\MiKTeX\2.9\tex\generic\pgf\basiclaye
r\pgfcorescopes.code.tex"
File: pgfcorescopes.code.tex 2010/09/08  (rcs-revision 1.34)
\pgfpic=\box33
\pgf@hbox=\box34
\pgf@layerbox@main=\box35
\pgf@picture@serial@count=\count135
)
("C:\Users\Panos Ipeirotis\AppData\Roaming\MiKTeX\2.9\tex\generic\pgf\basiclaye
r\pgfcoregraphicstate.code.tex"
File: pgfcoregraphicstate.code.tex 2008/04/22  (rcs-revision 1.9)
\pgflinewidth=\dimen163
)
("C:\Users\Panos Ipeirotis\AppData\Roaming\MiKTeX\2.9\tex\generic\pgf\basiclaye
r\pgfcoretransformations.code.tex"
File: pgfcoretransformations.code.tex 2009/06/10  (rcs-revision 1.11)
\pgf@pt@x=\dimen164
\pgf@pt@y=\dimen165
\pgf@pt@temp=\dimen166
)
("C:\Users\Panos Ipeirotis\AppData\Roaming\MiKTeX\2.9\tex\generic\pgf\basiclaye
r\pgfcorequick.code.tex"
File: pgfcorequick.code.tex 2008/10/09  (rcs-revision 1.3)
)
("C:\Users\Panos Ipeirotis\AppData\Roaming\MiKTeX\2.9\tex\generic\pgf\basiclaye
r\pgfcoreobjects.code.tex"
File: pgfcoreobjects.code.tex 2006/10/11  (rcs-revision 1.2)
)
("C:\Users\Panos Ipeirotis\AppData\Roaming\MiKTeX\2.9\tex\generic\pgf\basiclaye
r\pgfcorepathprocessing.code.tex"
File: pgfcorepathprocessing.code.tex 2008/10/09  (rcs-revision 1.8)
)
("C:\Users\Panos Ipeirotis\AppData\Roaming\MiKTeX\2.9\tex\generic\pgf\basiclaye
r\pgfcorearrows.code.tex"
File: pgfcorearrows.code.tex 2008/04/23  (rcs-revision 1.11)
)
("C:\Users\Panos Ipeirotis\AppData\Roaming\MiKTeX\2.9\tex\generic\pgf\basiclaye
r\pgfcoreshade.code.tex"
File: pgfcoreshade.code.tex 2008/11/23  (rcs-revision 1.13)
\pgf@max=\dimen167
\pgf@sys@shading@range@num=\count136
)
("C:\Users\Panos Ipeirotis\AppData\Roaming\MiKTeX\2.9\tex\generic\pgf\basiclaye
r\pgfcoreimage.code.tex"
File: pgfcoreimage.code.tex 2010/03/25  (rcs-revision 1.16)

("C:\Users\Panos Ipeirotis\AppData\Roaming\MiKTeX\2.9\tex\generic\pgf\basiclaye
r\pgfcoreexternal.code.tex"
File: pgfcoreexternal.code.tex 2010/09/01  (rcs-revision 1.17)
\pgfexternal@startupbox=\box36
))
("C:\Users\Panos Ipeirotis\AppData\Roaming\MiKTeX\2.9\tex\generic\pgf\basiclaye
r\pgfcorelayers.code.tex"
File: pgfcorelayers.code.tex 2010/08/27  (rcs-revision 1.2)
)
("C:\Users\Panos Ipeirotis\AppData\Roaming\MiKTeX\2.9\tex\generic\pgf\basiclaye
r\pgfcoretransparency.code.tex"
File: pgfcoretransparency.code.tex 2008/01/17  (rcs-revision 1.2)
)
("C:\Users\Panos Ipeirotis\AppData\Roaming\MiKTeX\2.9\tex\generic\pgf\basiclaye
r\pgfcorepatterns.code.tex"
File: pgfcorepatterns.code.tex 2009/07/02  (rcs-revision 1.3)
)))
("C:\Users\Panos Ipeirotis\AppData\Roaming\MiKTeX\2.9\tex\generic\pgf\modules\p
gfmoduleshapes.code.tex"
File: pgfmoduleshapes.code.tex 2010/09/09  (rcs-revision 1.13)
\pgfnodeparttextbox=\box37
)
("C:\Users\Panos Ipeirotis\AppData\Roaming\MiKTeX\2.9\tex\generic\pgf\modules\p
gfmoduleplot.code.tex"
File: pgfmoduleplot.code.tex 2010/10/22  (rcs-revision 1.8)
)
("C:\Users\Panos Ipeirotis\AppData\Roaming\MiKTeX\2.9\tex\latex\pgf\compatibili
ty\pgfcomp-version-0-65.sty"
Package: pgfcomp-version-0-65 2007/07/03 v2.10 (rcs-revision 1.7)
\pgf@nodesepstart=\dimen168
\pgf@nodesepend=\dimen169
)
("C:\Users\Panos Ipeirotis\AppData\Roaming\MiKTeX\2.9\tex\latex\pgf\compatibili
ty\pgfcomp-version-1-18.sty"
Package: pgfcomp-version-1-18 2007/07/23 v2.10 (rcs-revision 1.1)
))
("C:\Users\Panos Ipeirotis\AppData\Roaming\MiKTeX\2.9\tex\latex\pgf\utilities\p
gffor.sty"
("C:\Users\Panos Ipeirotis\AppData\Roaming\MiKTeX\2.9\tex\latex\pgf\utilities\p
gfkeys.sty"
("C:\Users\Panos Ipeirotis\AppData\Roaming\MiKTeX\2.9\tex\generic\pgf\utilities
\pgfkeys.code.tex"))
("C:\Users\Panos Ipeirotis\AppData\Roaming\MiKTeX\2.9\tex\generic\pgf\utilities
\pgffor.code.tex"
Package: pgffor 2010/03/23 v2.10 (rcs-revision 1.18)
\pgffor@iter=\dimen170
\pgffor@skip=\dimen171
\pgffor@stack=\toks33
\pgffor@toks=\toks34
))
("C:\Users\Panos Ipeirotis\AppData\Roaming\MiKTeX\2.9\tex\generic\pgf\frontendl
ayer\tikz\tikz.code.tex"
Package: tikz 2010/10/13 v2.10 (rcs-revision 1.76)

("C:\Users\Panos Ipeirotis\AppData\Roaming\MiKTeX\2.9\tex\generic\pgf\libraries
\pgflibraryplothandlers.code.tex"
File: pgflibraryplothandlers.code.tex 2010/05/31 v2.10 (rcs-revision 1.15)
\pgf@plot@mark@count=\count137
\pgfplotmarksize=\dimen172
)
\tikz@lastx=\dimen173
\tikz@lasty=\dimen174
\tikz@lastxsaved=\dimen175
\tikz@lastysaved=\dimen176
\tikzleveldistance=\dimen177
\tikzsiblingdistance=\dimen178
\tikz@figbox=\box38
\tikz@tempbox=\box39
\tikztreelevel=\count138
\tikznumberofchildren=\count139
\tikznumberofcurrentchild=\count140
\tikz@fig@count=\count141

("C:\Users\Panos Ipeirotis\AppData\Roaming\MiKTeX\2.9\tex\generic\pgf\modules\p
gfmodulematrix.code.tex"
File: pgfmodulematrix.code.tex 2010/08/24  (rcs-revision 1.4)
\pgfmatrixcurrentrow=\count142
\pgfmatrixcurrentcolumn=\count143
\pgf@matrix@numberofcolumns=\count144
)
\tikz@expandcount=\count145

("C:\Users\Panos Ipeirotis\AppData\Roaming\MiKTeX\2.9\tex\generic\pgf\frontendl
ayer\tikz\libraries\tikzlibrarytopaths.code.tex"
File: tikzlibrarytopaths.code.tex 2008/06/17 v2.10 (rcs-revision 1.2)
)))
("C:\Users\Panos Ipeirotis\AppData\Roaming\MiKTeX\2.9\tex\generic\pgf\frontendl
ayer\tikz\libraries\tikzlibrarypositioning.code.tex"
File: tikzlibrarypositioning.code.tex 2008/10/06 v2.10 (rcs-revision 1.7)
)
("C:\Program Files (x86)\MiKTeX 2.9\tex\latex\tools\calc.sty"
Package: calc 2007/08/22 v4.3 Infix arithmetic (KKT,FJ)
\calc@Acount=\count146
\calc@Bcount=\count147
\calc@Adimen=\dimen179
\calc@Bdimen=\dimen180
\calc@Askip=\skip53
\calc@Bskip=\skip54
LaTeX Info: Redefining \setlength on input line 76.
LaTeX Info: Redefining \addtolength on input line 77.
\calc@Ccount=\count148
\calc@Cskip=\skip55
)
\c@@todonotes@numberoftodonotes=\count149
)
("C:\Program Files (x86)\MiKTeX 2.9\tex\latex\hyperref\hyperref.sty"
Package: hyperref 2012/11/06 v6.83m Hypertext links for LaTeX

("C:\Program Files (x86)\MiKTeX 2.9\tex\generic\oberdiek\hobsub-hyperref.sty"
Package: hobsub-hyperref 2012/04/25 v1.12 Bundle oberdiek, subset hyperref (HO)


("C:\Program Files (x86)\MiKTeX 2.9\tex\generic\oberdiek\hobsub-generic.sty"
Package: hobsub-generic 2012/04/25 v1.12 Bundle oberdiek, subset generic (HO)
Package: hobsub 2012/04/25 v1.12 Construct package bundles (HO)
Package hobsub Info: Skipping package `infwarerr' (already loaded).
Package hobsub Info: Skipping package `ltxcmds' (already loaded).
Package: ifluatex 2010/03/01 v1.3 Provides the ifluatex switch (HO)
Package ifluatex Info: LuaTeX not detected.
Package hobsub Info: Skipping package `ifvtex' (already loaded).
Package: intcalc 2007/09/27 v1.1 Expandable calculations with integers (HO)
Package hobsub Info: Skipping package `ifpdf' (already loaded).
Package: etexcmds 2011/02/16 v1.5 Avoid name clashes with e-TeX commands (HO)
Package etexcmds Info: Could not find \expanded.
(etexcmds)             That can mean that you are not using pdfTeX 1.50 or
(etexcmds)             that some package has redefined \expanded.
(etexcmds)             In the latter case, load this package earlier.
Package: kvsetkeys 2012/04/25 v1.16 Key value parser (HO)
Package: kvdefinekeys 2011/04/07 v1.3 Define keys (HO)
Package: pdftexcmds 2011/11/29 v0.20 Utility functions of pdfTeX for LuaTeX (HO
)
Package pdftexcmds Info: LuaTeX not detected.
Package pdftexcmds Info: \pdf@primitive is available.
Package pdftexcmds Info: \pdf@ifprimitive is available.
Package pdftexcmds Info: \pdfdraftmode found.
Package: pdfescape 2011/11/25 v1.13 Implements pdfTeX's escape features (HO)
Package: bigintcalc 2012/04/08 v1.3 Expandable calculations on big integers (HO
)
Package: bitset 2011/01/30 v1.1 Handle bit-vector datatype (HO)
Package: uniquecounter 2011/01/30 v1.2 Provide unlimited unique counter (HO)
)
Package hobsub Info: Skipping package `hobsub' (already loaded).
Package: letltxmacro 2010/09/02 v1.4 Let assignment for LaTeX macros (HO)
Package: hopatch 2011/06/24 v1.1 Wrapper for package hooks (HO)
Package: xcolor-patch 2011/01/30 xcolor patch
Package: atveryend 2011/06/30 v1.8 Hooks at the very end of document (HO)
Package atveryend Info: \enddocument detected (standard20110627).
Package: atbegshi 2011/10/05 v1.16 At begin shipout hook (HO)
Package: refcount 2011/10/16 v3.4 Data extraction from label references (HO)
Package: hycolor 2011/01/30 v1.7 Color options for hyperref/bookmark (HO)
)
("C:\Program Files (x86)\MiKTeX 2.9\tex\latex\oberdiek\auxhook.sty"
Package: auxhook 2011/03/04 v1.3 Hooks for auxiliary files (HO)
)
("C:\Program Files (x86)\MiKTeX 2.9\tex\latex\oberdiek\kvoptions.sty"
Package: kvoptions 2011/06/30 v3.11 Key value format for package options (HO)
)
\@linkdim=\dimen181
\Hy@linkcounter=\count150
\Hy@pagecounter=\count151

("C:\Program Files (x86)\MiKTeX 2.9\tex\latex\hyperref\pd1enc.def"
File: pd1enc.def 2012/11/06 v6.83m Hyperref: PDFDocEncoding definition (HO)
)
\Hy@SavedSpaceFactor=\count152

("C:\Program Files (x86)\MiKTeX 2.9\tex\latex\00miktex\hyperref.cfg"
File: hyperref.cfg 2002/06/06 v1.2 hyperref configuration of TeXLive
)
Package hyperref Info: Option `bookmarks' set `true' on input line 4319.
Package hyperref Info: Option `bookmarksopen' set `false' on input line 4319.
Package hyperref Info: Option `bookmarksnumbered' set `true' on input line 4319
.
Package hyperref Info: Option `colorlinks' set `true' on input line 4319.
Package hyperref Info: Option `bookmarksnumbered' set `true' on input line 4319
.
Package hyperref Info: Hyper figures OFF on input line 4443.
Package hyperref Info: Link nesting OFF on input line 4448.
Package hyperref Info: Hyper index ON on input line 4451.
Package hyperref Info: Plain pages OFF on input line 4458.
Package hyperref Info: Backreferencing OFF on input line 4463.
Package hyperref Info: Implicit mode ON; LaTeX internals redefined.
Package hyperref Info: Bookmarks ON on input line 4688.
\c@Hy@tempcnt=\count153
LaTeX Info: Redefining \url on input line 5041.
\XeTeXLinkMargin=\dimen182
\Fld@menulength=\count154
\Field@Width=\dimen183
\Fld@charsize=\dimen184
Package hyperref Info: Hyper figures OFF on input line 6295.
Package hyperref Info: Link nesting OFF on input line 6300.
Package hyperref Info: Hyper index ON on input line 6303.
Package hyperref Info: backreferencing OFF on input line 6310.
Package hyperref Info: Link coloring ON on input line 6313.
Package hyperref Info: Link coloring with OCG OFF on input line 6320.
Package hyperref Info: PDF/A mode OFF on input line 6325.
LaTeX Info: Redefining \ref on input line 6365.
LaTeX Info: Redefining \pageref on input line 6369.
\Hy@abspage=\count155
\c@Item=\count156
\c@Hfootnote=\count157
)

Package hyperref Message: Driver: hpdftex.

("C:\Program Files (x86)\MiKTeX 2.9\tex\latex\hyperref\hpdftex.def"
File: hpdftex.def 2012/11/06 v6.83m Hyperref driver for pdfTeX
\Fld@listcount=\count158
\c@bookmark@seq@number=\count159

("C:\Program Files (x86)\MiKTeX 2.9\tex\latex\oberdiek\rerunfilecheck.sty"
Package: rerunfilecheck 2011/04/15 v1.7 Rerun checks for auxiliary files (HO)
Package uniquecounter Info: New unique counter `rerunfilecheck' on input line 2
82.
)
\Hy@SectionHShift=\skip56
)
("C:\Users\Panos Ipeirotis\AppData\Roaming\MiKTeX\2.9\tex\latex\cmap\cmap.sty"
Package: cmap 2008/03/06 v1.0h CMap support: searchable PDF
) ("C:\Users\Panos Ipeirotis\AppData\Roaming\MiKTeX\2.9\tex\latex\mmap\mmap.sty
"
Package: mmap 2008/08/11 v1.03 CMAP support for math in PDF
) ("C:\Program Files (x86)\MiKTeX 2.9\tex\latex\psnfss\times.sty"
Package: times 2005/04/12 PSNFSS-v9.2a (SPQR) 
)
("C:\Dropbox\workspace\beatTheMachine\MLJ Unknown Unknowns\Revision 1\MLJUnknow
nUnknowns.aux")
LaTeX Font Info:    Checking defaults for OML/cmm/m/it on input line 59.
LaTeX Font Info:    ... okay on input line 59.
LaTeX Font Info:    Checking defaults for T1/cmr/m/n on input line 59.
LaTeX Font Info:    ... okay on input line 59.
LaTeX Font Info:    Checking defaults for OT1/cmr/m/n on input line 59.
LaTeX Font Info:    ... okay on input line 59.
LaTeX Font Info:    Checking defaults for OMS/cmsy/m/n on input line 59.
LaTeX Font Info:    ... okay on input line 59.
LaTeX Font Info:    Checking defaults for OMX/cmex/m/n on input line 59.
LaTeX Font Info:    ... okay on input line 59.
LaTeX Font Info:    Checking defaults for U/cmr/m/n on input line 59.
LaTeX Font Info:    ... okay on input line 59.
LaTeX Font Info:    Checking defaults for PD1/pdf/m/n on input line 59.
LaTeX Font Info:    ... okay on input line 59.
LaTeX Font Info:    Try loading font information for OT1+ptm on input line 59.
 ("C:\Program Files (x86)\MiKTeX 2.9\tex\latex\psnfss\ot1ptm.fd"
File: ot1ptm.fd 2001/06/04 font definitions for OT1/ptm.
)<<ot1-m.cmap>>
Unknown journal: specify \journalname{<name of your journal>} in preambel


("C:\Users\Panos Ipeirotis\AppData\Roaming\MiKTeX\2.9\tex\context\base\supp-pdf
.mkii"
[Loading MPS to PDF converter (version 2006.09.02).]
\scratchcounter=\count160
\scratchdimen=\dimen185
\scratchbox=\box40
\nofMPsegments=\count161
\nofMParguments=\count162
\everyMPshowfont=\toks35
\MPscratchCnt=\count163
\MPscratchDim=\dimen186
\MPnumerator=\count164
\makeMPintoPDFobject=\count165
\everyMPtoPDFconversion=\toks36
)
LaTeX Info: Redefining \microtypecontext on input line 59.
Package microtype Info: Generating PDF output.
Package microtype Info: Character protrusion enabled (level 2).
Package microtype Info: Using default protrusion set `alltext'.
Package microtype Info: Automatic font expansion enabled (level 2),
(microtype)             stretch: 20, shrink: 20, step: 1, non-selected.
Package microtype Info: Using default expansion set `basictext'.
Package microtype Info: No tracking.
Package microtype Info: No adjustment of interword spacing.
Package microtype Info: No adjustment of character kerning.

("C:\Users\Panos Ipeirotis\AppData\Roaming\MiKTeX\2.9\tex\latex\microtype\mt-pt
m.cfg"
File: mt-ptm.cfg 2006/04/20 v1.7 microtype config. file: Times (RS)
)
*geometry* detected driver: pdftex
*geometry* verbose mode - [ preamble ] result:
* driver: pdftex
* paper: <default>
* layout: <same size as paper>
* layoutoffset:(h,v)=(0.0pt,0.0pt)
* modes: twoside asymmetric 
* h-part:(L,W,R)=(72.26999pt, 359.01668pt, 166.2212pt)
* v-part:(T,H,B)=(72.26999pt, 613.78308pt, 158.99377pt)
* \paperwidth=597.50787pt
* \paperheight=845.04684pt
* \textwidth=359.01668pt
* \textheight=613.78308pt
* \oddsidemargin=0.0pt
* \evensidemargin=0.0pt
* \topmargin=0.0pt
* \headheight=12.0pt
* \headsep=15.51512pt
* \topskip=0.0pt
* \footskip=0.0pt
* \marginparwidth=48.0pt
* \marginparsep=10.0pt
* \columnsep=19.26015pt
* \skip\footins=9.0pt plus 4.0pt minus 2.0pt
* \hoffset=0.0pt
* \voffset=0.0pt
* \mag=1000
* \@twocolumnfalse
* \@twosidetrue
* \@mparswitchfalse
* \@reversemarginfalse
* (1in=72.27pt=25.4mm, 1cm=28.453pt)

ABD: EveryShipout initializing macros
\AtBeginShipoutBox=\box41
Package hyperref Info: Link coloring ON on input line 59.

("C:\Program Files (x86)\MiKTeX 2.9\tex\latex\hyperref\nameref.sty"
Package: nameref 2012/10/27 v2.43 Cross-referencing by name of section

("C:\Program Files (x86)\MiKTeX 2.9\tex\generic\oberdiek\gettitlestring.sty"
Package: gettitlestring 2010/12/03 v1.4 Cleanup title references (HO)
)
\c@section@level=\count166
)
LaTeX Info: Redefining \ref on input line 59.
LaTeX Info: Redefining \pageref on input line 59.
LaTeX Info: Redefining \nameref on input line 59.

("C:\Dropbox\workspace\beatTheMachine\MLJ Unknown Unknowns\Revision 1\MLJUnknow
nUnknowns.out")
("C:\Dropbox\workspace\beatTheMachine\MLJ Unknown Unknowns\Revision 1\MLJUnknow
nUnknowns.out")
\@outlinefile=\write4

SVJour3 warning: Missing \date
SVJour3 warning: Missing \institute
LaTeX Font Info:    Font shape `OT1/ptm/bx/n' in size <9.5> not available
(Font)              Font shape `OT1/ptm/b/n' tried instead on input line 111.
LaTeX Font Info:    Font shape `OT1/ptm/bx/n' in size <13> not available
(Font)              Font shape `OT1/ptm/b/n' tried instead on input line 111.
LaTeX Font Info:    Calculating math sizes for size <9.5> on input line 111.

LaTeX Font Warning: Font shape `OT1/cmr/bx/n' in size <9.5> not available
(Font)              size <9> substituted on input line 111.

<<ot1rbxn-m.cmap>>
("C:\Users\Panos Ipeirotis\AppData\Roaming\MiKTeX\2.9\tex\latex\microtype\mt-cm
r.cfg"
File: mt-cmr.cfg 2009/11/09 v2.0 microtype config. file: Computer Modern Roman 
(RS)
)

LaTeX Font Warning: Font shape `OML/cmm/b/it' in size <9.5> not available
(Font)              size <9> substituted on input line 111.

<<omlbit-m.cmap>>

LaTeX Font Warning: Font shape `OMS/cmsy/b/n' in size <9.5> not available
(Font)              size <9> substituted on input line 111.

<<omsb-m.cmap>>
LaTeX Font Info:    OMX-m encoding encountered on input line 111.
<<omx-m.cmap>>
LaTeX Font Info:    OMX-m encoding encountered on input line 111.
LaTeX Font Info:    OMX-m encoding encountered on input line 111.
LaTeX Font Info:    Try loading font information for U+msa on input line 111.

("C:\Program Files (x86)\MiKTeX 2.9\tex\latex\amsfonts\umsa.fd"
File: umsa.fd 2009/06/22 v3.00 AMS symbols A
)<<umsa-m.cmap>>
("C:\Users\Panos Ipeirotis\AppData\Roaming\MiKTeX\2.9\tex\latex\microtype\mt-ms
a.cfg"
File: mt-msa.cfg 2006/02/04 v1.1 microtype config. file: AMS symbols (a) (RS)
)
LaTeX Font Info:    Try loading font information for U+msb on input line 111.
 ("C:\Program Files (x86)\MiKTeX 2.9\tex\latex\amsfonts\umsb.fd"
File: umsb.fd 2009/06/22 v3.00 AMS symbols B
)<<umsb-m.cmap>>
("C:\Users\Panos Ipeirotis\AppData\Roaming\MiKTeX\2.9\tex\latex\microtype\mt-ms
b.cfg"
File: mt-msb.cfg 2005/06/01 v1.0 microtype config. file: AMS symbols (b) (RS)
)

LaTeX Font Warning: Font shape `OML/cmm/m/it' in size <9.5> not available
(Font)              size <9> substituted on input line 111.

<<omlmit-m.cmap>>

LaTeX Font Warning: Font shape `OMS/cmsy/m/n' in size <9.5> not available
(Font)              size <9> substituted on input line 111.

<<oms-m.cmap>><<ot1rmn-m.cmap>>
LaTeX Font Info:    OMX-m encoding encountered on input line 111.
LaTeX Font Info:    OMX-m encoding encountered on input line 111.
LaTeX Font Info:    OMX-m encoding encountered on input line 111.
LaTeX Font Info:    Font shape `OT1/ptm/bx/it' in size <9.5> not available
(Font)              Font shape `OT1/ptm/b/it' tried instead on input line 119.

Underfull \hbox (badness 10000) in paragraph at lines 118--120

 []


("C:\Dropbox\workspace\beatTheMachine\MLJ Unknown Unknowns\Revision 1\1-introdu
ction.tex" [1{C:/Users/Panos Ipeirotis/AppData/Local/MiKTeX/2.9/pdftex/config/p
dftex.map}]
Underfull \vbox (badness 1939) has occurred while \output is active []

 [2])
("C:\Dropbox\workspace\beatTheMachine\MLJ Unknown Unknowns\Revision 1\2-backgro
und.tex" [3])
("C:\Dropbox\workspace\beatTheMachine\MLJ Unknown Unknowns\Revision 1\3-unknown
s.tex"

LaTeX Font Warning: Font shape `OT1/cmr/m/it' in size <9.5> not available
(Font)              size <9> substituted on input line 7.

<<ot1rmit-m.cmap>> [4] <plots/Quadrant.png, id=109, 367.3725pt x 324.4923pt>
File: plots/Quadrant.png Graphic file (type png)

<use plots/Quadrant.png>
Package pdftex.def Info: plots/Quadrant.png used on input line 18.
(pdftex.def)             Requested size: 179.50833pt x 158.55699pt.
LaTeX Font Info:    Font shape `OT1/ptm/bx/n' in size <8> not available
(Font)              Font shape `OT1/ptm/b/n' tried instead on input line 19.
 [5 <C:/Dropbox/workspace/beatTheMachine/MLJ Unknown Unknowns/Revision 1/plots/
Quadrant.png>]
<plots/example_function_2a.png, id=141, 444.4605pt x 232.7094pt>
File: plots/example_function_2a.png Graphic file (type png)

<use plots/example_function_2a.png>
Package pdftex.def Info: plots/example_function_2a.png used on input line 68.
(pdftex.def)             Requested size: 175.92014pt x 92.1056pt.

<plots/example_function_2b.png, id=142, 437.9562pt x 228.3732pt>
File: plots/example_function_2b.png Graphic file (type png)

<use plots/example_function_2b.png>
Package pdftex.def Info: plots/example_function_2b.png used on input line 69.
(pdftex.def)             Requested size: 175.92014pt x 91.73097pt.
)
("C:\Dropbox\workspace\beatTheMachine\MLJ Unknown Unknowns\Revision 1\4-btm-des
ign.tex" [6] [7 <C:/Dropbox/workspace/beatTheMachine/MLJ Unknown Unknowns/Revis
ion 1/plots/example_function_2a.png> <C:/Dropbox/workspace/beatTheMachine/MLJ U
nknown Unknowns/Revision 1/plots/example_function_2b.png>]
<plots/btm-HIT.png, id=164, 760.34062pt x 389.20406pt>
File: plots/btm-HIT.png Graphic file (type png)
 <use plots/btm-HIT.png>
Package pdftex.def Info: plots/btm-HIT.png used on input line 37.
(pdftex.def)             Requested size: 359.01668pt x 183.77518pt.

[8] [9 <C:/Dropbox/workspace/beatTheMachine/MLJ Unknown Unknowns/Revision 1/plo
ts/btm-HIT.png>])
("C:\Dropbox\workspace\beatTheMachine\MLJ Unknown Unknowns\Revision 1\5-results
.tex" [10] <plots/Hate-speech-scores.PNG, id=196, 577.40718pt x 420.06938pt>
File: plots/Hate-speech-scores.PNG Graphic file (type png)

<use plots/Hate-speech-scores.PNG>
Package pdftex.def Info: plots/Hate-speech-scores.PNG used on input line 44.
(pdftex.def)             Requested size: 143.60448pt x 104.47226pt.

<plots/porn-scores.PNG, id=197, 582.67688pt x 420.06938pt>
File: plots/porn-scores.PNG Graphic file (type png)

<use plots/porn-scores.PNG>
Package pdftex.def Info: plots/porn-scores.PNG used on input line 48.
(pdftex.def)             Requested size: 143.60448pt x 103.52362pt.
 [11 <C:/Dropbox/workspace/beatTheMachine/MLJ Unknown Unknowns/Revision 1/plots
/Hate-speech-scores.PNG> <C:/Dropbox/workspace/beatTheMachine/MLJ Unknown Unkno
wns/Revision 1/plots/porn-scores.PNG>]
<plots/adt_btm_eval.png, id=211, 449.68pt x 337.26pt>
File: plots/adt_btm_eval.png Graphic file (type png)

<use plots/adt_btm_eval.png>
Package pdftex.def Info: plots/adt_btm_eval.png used on input line 88.
(pdftex.def)             Requested size: 215.41167pt x 144.54037pt.
)
("C:\Dropbox\workspace\beatTheMachine\MLJ Unknown Unknowns\Revision 1\6-impact.
tex"
LaTeX Font Info:    Try loading font information for OT1+pcr on input line 4.
 ("C:\Program Files (x86)\MiKTeX 2.9\tex\latex\psnfss\ot1pcr.fd"
File: ot1pcr.fd 2001/06/04 font definitions for OT1/pcr.
) [12 <C:/Dropbox/workspace/beatTheMachine/MLJ Unknown Unknowns/Revision 1/plot
s/adt_btm_eval.png (PNG copy)>])
("C:\Dropbox\workspace\beatTheMachine\MLJ Unknown Unknowns\Revision 1\7-future.
tex")
("C:\Dropbox\workspace\beatTheMachine\MLJ Unknown Unknowns\Revision 1\MLJUnknow
nUnknowns.bbl" [13])
Package atveryend Info: Empty hook `BeforeClearDocument' on input line 138.
 [14]
Package atveryend Info: Empty hook `AfterLastShipout' on input line 138.

("C:\Dropbox\workspace\beatTheMachine\MLJ Unknown Unknowns\Revision 1\MLJUnknow
nUnknowns.aux")
Package atveryend Info: Executing hook `AtVeryEndDocument' on input line 138.
Package atveryend Info: Executing hook `AtEndAfterFileList' on input line 138.
Package rerunfilecheck Info: File `MLJUnknownUnknowns.out' has not changed.
(rerunfilecheck)             Checksum: 6ECD5AFA898633C5CBB8BC15E0FDF2DB;408.


LaTeX Font Warning: Size substitutions with differences
(Font)              up to 0.5pt have occurred.

Package atveryend Info: Empty hook `AtVeryVeryEnd' on input line 138.
 )
(\end occurred when \ifx on line 88 was incomplete)
(\end occurred when \ifx on line 88 was incomplete)
(\end occurred when \ifx on line 88 was incomplete)
(\end occurred when \ifx on line 88 was incomplete)
(\end occurred when \ifx on line 88 was incomplete)
(\end occurred when \ifx on line 88 was incomplete)
(\end occurred when \ifx on line 88 was incomplete)
(\end occurred when \ifx on line 88 was incomplete)
(\end occurred when \ifx on line 88 was incomplete)
(\end occurred when \ifx on line 88 was incomplete)
(\end occurred when \ifx on line 85 was incomplete)
(\end occurred when \ifx on line 85 was incomplete)
(\end occurred when \ifx on line 85 was incomplete)
(\end occurred when \ifx on line 85 was incomplete)
(\end occurred when \ifx on line 85 was incomplete)
(\end occurred when \ifx on line 85 was incomplete)
(\end occurred when \ifx on line 85 was incomplete)
(\end occurred when \ifx on line 85 was incomplete)
(\end occurred when \ifx on line 85 was incomplete)
(\end occurred when \ifx on line 85 was incomplete)
(\end occurred when \ifx on line 80 was incomplete)
(\end occurred when \ifx on line 80 was incomplete)
(\end occurred when \ifx on line 80 was incomplete)
(\end occurred when \ifx on line 80 was incomplete)
(\end occurred when \ifx on line 80 was incomplete)
(\end occurred when \ifx on line 80 was incomplete)
(\end occurred when \ifx on line 80 was incomplete)
(\end occurred when \ifx on line 80 was incomplete)
(\end occurred when \ifx on line 80 was incomplete)
(\end occurred when \ifx on line 80 was incomplete)
(\end occurred when \ifx on line 70 was incomplete)
(\end occurred when \ifx on line 70 was incomplete)
(\end occurred when \ifx on line 70 was incomplete)
(\end occurred when \ifx on line 70 was incomplete)
(\end occurred when \ifx on line 70 was incomplete)
(\end occurred when \ifx on line 70 was incomplete)
(\end occurred when \ifx on line 70 was incomplete)
(\end occurred when \ifx on line 70 was incomplete)
(\end occurred when \ifx on line 70 was incomplete)
(\end occurred when \ifx on line 70 was incomplete)
(\end occurred when \ifx on line 70 was incomplete)
(\end occurred when \ifx on line 70 was incomplete)
(\end occurred when \ifx on line 70 was incomplete)
(\end occurred when \ifx on line 70 was incomplete)
(\end occurred when \ifx on line 70 was incomplete)
(\end occurred when \ifx on line 70 was incomplete)
(\end occurred when \ifx on line 70 was incomplete)
(\end occurred when \ifx on line 70 was incomplete)
(\end occurred when \ifx on line 70 was incomplete)
(\end occurred when \ifx on line 70 was incomplete)
(\end occurred when \ifx on line 70 was incomplete)
(\end occurred when \ifx on line 70 was incomplete)
(\end occurred when \ifx on line 70 was incomplete)
(\end occurred when \ifx on line 70 was incomplete)
(\end occurred when \ifx on line 70 was incomplete)
(\end occurred when \ifx on line 70 was incomplete)
(\end occurred when \ifx on line 70 was incomplete)
(\end occurred when \ifx on line 70 was incomplete)
(\end occurred when \ifx on line 70 was incomplete)
(\end occurred when \ifx on line 70 was incomplete)
(\end occurred when \ifx on line 63 was incomplete)
(\end occurred when \ifx on line 63 was incomplete)
(\end occurred when \ifx on line 63 was incomplete)
(\end occurred when \ifx on line 63 was incomplete)
(\end occurred when \ifx on line 63 was incomplete)
(\end occurred when \ifx on line 63 was incomplete)
(\end occurred when \ifx on line 63 was incomplete)
(\end occurred when \ifx on line 63 was incomplete)
(\end occurred when \ifx on line 63 was incomplete)
(\end occurred when \ifx on line 63 was incomplete)
(\end occurred when \ifx on line 63 was incomplete)
(\end occurred when \ifx on line 63 was incomplete)
(\end occurred when \ifx on line 63 was incomplete)
(\end occurred when \ifx on line 63 was incomplete)
(\end occurred when \ifx on line 63 was incomplete)
(\end occurred when \ifx on line 63 was incomplete)
(\end occurred when \ifx on line 63 was incomplete)
(\end occurred when \ifx on line 63 was incomplete)
(\end occurred when \ifx on line 63 was incomplete)
(\end occurred when \ifx on line 63 was incomplete)
(\end occurred when \ifx on line 63 was incomplete)
(\end occurred when \ifx on line 63 was incomplete)
(\end occurred when \ifx on line 63 was incomplete)
(\end occurred when \ifx on line 63 was incomplete)
(\end occurred when \ifx on line 63 was incomplete)
(\end occurred when \ifx on line 63 was incomplete)
(\end occurred when \ifx on line 63 was incomplete)
(\end occurred when \ifx on line 63 was incomplete)
(\end occurred when \ifx on line 63 was incomplete)
(\end occurred when \ifx on line 63 was incomplete) 
Here is how much of TeX's memory you used:
 17702 strings out of 493921
 312906 string characters out of 3144846
 405855 words of memory out of 3000000
 20219 multiletter control sequences out of 15000+200000
 44666 words of font info for 252 fonts, out of 3000000 for 9000
 841 hyphenation exceptions out of 8191
 63i,11n,57p,1720b,366s stack positions out of 5000i,500n,10000p,200000b,50000s
{C:/Program Files (x86)/MiKT
eX 2.9/fonts/enc/dvips/fontname/8r.enc}<C:/Program Files (x86)/MiKTeX 2.9/fonts
/type1/public/amsfonts/cmextra/cmbsy9.pfb><C:/Program Files (x86)/MiKTeX 2.9/fo
nts/type1/public/amsfonts/cm/cmex10.pfb><C:/Program Files (x86)/MiKTeX 2.9/font
s/type1/public/amsfonts/cm/cmmi7.pfb><C:/Program Files (x86)/MiKTeX 2.9/fonts/t
ype1/public/amsfonts/cm/cmmi8.pfb><C:/Program Files (x86)/MiKTeX 2.9/fonts/type
1/public/amsfonts/cm/cmmi9.pfb><C:/Program Files (x86)/MiKTeX 2.9/fonts/type1/p
ublic/amsfonts/cm/cmr6.pfb><C:/Program Files (x86)/MiKTeX 2.9/fonts/type1/publi
c/amsfonts/cm/cmr9.pfb><C:/Program Files (x86)/MiKTeX 2.9/fonts/type1/public/am
sfonts/cm/cmsy7.pfb><C:/Program Files (x86)/MiKTeX 2.9/fonts/type1/public/amsfo
nts/cm/cmsy9.pfb><C:/Program Files (x86)/MiKTeX 2.9/fonts/type1/public/amsfonts
/cm/cmti9.pfb><C:/Program Files (x86)/MiKTeX 2.9/fonts/type1/urw/courier/ucrr8a
.pfb><C:/Program Files (x86)/MiKTeX 2.9/fonts/type1/urw/times/utmb8a.pfb><C:/Pr
ogram Files (x86)/MiKTeX 2.9/fonts/type1/urw/times/utmbi8a.pfb><C:/Program File
s (x86)/MiKTeX 2.9/fonts/type1/urw/times/utmr8a.pfb><C:/Program Files (x86)/MiK
TeX 2.9/fonts/type1/urw/times/utmri8a.pfb>
Output written on MLJUnknownUnknowns.pdf (14 pages, 1023827 bytes).
PDF statistics:
 303 PDF objects out of 1000 (max. 8388607)
 65 named destinations out of 1000 (max. 500000)
 27796 words of extra memory for PDF output out of 29859 (max. 10000000)

