This is pdfTeX, Version 3.1415926-1.40.11 (TeX Live 2010) (format=pdflatex 2010.7.21)  26 NOV 2012 10:29
entering extended mode
 restricted \write18 enabled.
 %&-line parsing enabled.
**MLJunknownUnknowns.tex
(./MLJunknownUnknowns.tex
LaTeX2e <2009/09/24>
Babel <v3.8l> and hyphenation patterns for english, dumylang, nohyphenation, ge
rman-x-2009-06-19, ngerman-x-2009-06-19, ancientgreek, ibycus, arabic, armenian
, basque, bulgarian, catalan, pinyin, coptic, croatian, czech, danish, dutch, u
kenglish, usenglishmax, esperanto, estonian, farsi, finnish, french, galician, 
german, ngerman, swissgerman, monogreek, greek, hungarian, icelandic, assamese,
 bengali, gujarati, hindi, kannada, malayalam, marathi, oriya, panjabi, tamil, 
telugu, indonesian, interlingua, irish, italian, kurmanji, lao, latin, latvian,
 lithuanian, mongolian, mongolianlmc, bokmal, nynorsk, polish, portuguese, roma
nian, russian, sanskrit, serbian, slovak, slovenian, spanish, swedish, turkish,
 turkmen, ukrainian, uppersorbian, welsh, loaded.
(./svjour3.cls
Document Class: svjour3 2007/05/08 v3.2 
LaTeX document class for Springer journals
Class Springer-SVJour3 Info: extra/valid Springer sub-package (-> *.clo) 
(Springer-SVJour3)           not found in option list of \documentclass
(Springer-SVJour3)           - autoactivating "global" style.
(./svglov3.clo
File: svglov3.clo 2009/12/18 v3.2 style option for standardised journals

SVJour Class option: svglov3.clo for standardised journals
)
LaTeX Font Info:    Redeclaring math symbol \Gamma on input line 147.
LaTeX Font Info:    Redeclaring math symbol \Delta on input line 148.
LaTeX Font Info:    Redeclaring math symbol \Theta on input line 149.
LaTeX Font Info:    Redeclaring math symbol \Lambda on input line 150.
LaTeX Font Info:    Redeclaring math symbol \Xi on input line 151.
LaTeX Font Info:    Redeclaring math symbol \Pi on input line 152.
LaTeX Font Info:    Redeclaring math symbol \Sigma on input line 153.
LaTeX Font Info:    Redeclaring math symbol \Upsilon on input line 154.
LaTeX Font Info:    Redeclaring math symbol \Phi on input line 155.
LaTeX Font Info:    Redeclaring math symbol \Psi on input line 156.
LaTeX Font Info:    Redeclaring math symbol \Omega on input line 157.
\logodepth=\dimen102
\headerboxheight=\dimen103
\betweenumberspace=\dimen104
\aftertext=\dimen105
\headlineindent=\dimen106
\c@inst=\count79
\c@auth=\count80
\instindent=\dimen107
\authrun=\box26
\authorrunning=\toks14
\titrun=\box27
\titlerunning=\toks15
\combirun=\box28
\c@lastpage=\count81
\rubricwidth=\dimen108
\c@section=\count82
\c@subsection=\count83
\c@subsubsection=\count84
\c@paragraph=\count85
\c@subparagraph=\count86
\spthmsep=\dimen109
\c@theorem=\count87
\c@case=\count88
\c@conjecture=\count89
\c@corollary=\count90
\c@definition=\count91
\c@example=\count92
\c@exercise=\count93
\c@lemma=\count94
\c@note=\count95
\c@problem=\count96
\c@property=\count97
\c@proposition=\count98
\c@question=\count99
\c@solution=\count100
\c@remark=\count101
\c@figure=\count102
\c@table=\count103
\abovecaptionskip=\skip41
\belowcaptionskip=\skip42
\figcapgap=\dimen110
\tabcapgap=\dimen111
\figgap=\dimen112
\bibindent=\dimen113
\@tempcntc=\count104
) (/usr/local/texlive/2010/texmf-dist/tex/latex/url/url.sty
\Urlmuskip=\muskip10
Package: url 2006/04/12  ver 3.3  Verb mode for urls, etc.
)
(/usr/local/texlive/2010/texmf-dist/tex/latex/graphics/graphics.sty
Package: graphics 2009/02/05 v1.0o Standard LaTeX Graphics (DPC,SPQR)

(/usr/local/texlive/2010/texmf-dist/tex/latex/graphics/trig.sty
Package: trig 1999/03/16 v1.09 sin cos tan (DPC)
)
(/usr/local/texlive/2010/texmf-dist/tex/latex/latexconfig/graphics.cfg
File: graphics.cfg 2010/04/23 v1.9 graphics configuration of TeX Live
)
Package graphics Info: Driver file: pdftex.def on input line 91.

(/usr/local/texlive/2010/texmf-dist/tex/latex/pdftex-def/pdftex.def
File: pdftex.def 2010/02/14 v0.04n Graphics/color for pdfTeX
\Gread@gobject=\count105
))
(/usr/local/texlive/2010/texmf-dist/tex/latex/graphics/graphicx.sty
Package: graphicx 1999/02/16 v1.0f Enhanced LaTeX Graphics (DPC,SPQR)

(/usr/local/texlive/2010/texmf-dist/tex/latex/graphics/keyval.sty
Package: keyval 1999/03/16 v1.13 key=value parser (DPC)
\KV@toks@=\toks16
)
\Gin@req@height=\dimen114
\Gin@req@width=\dimen115
)
(/usr/local/texlive/2010/texmf-dist/tex/latex/amsmath/amsmath.sty
Package: amsmath 2000/07/18 v2.13 AMS math features
\@mathmargin=\skip43

For additional information on amsmath, use the `?' option.
(/usr/local/texlive/2010/texmf-dist/tex/latex/amsmath/amstext.sty
Package: amstext 2000/06/29 v2.01

(/usr/local/texlive/2010/texmf-dist/tex/latex/amsmath/amsgen.sty
File: amsgen.sty 1999/11/30 v2.0
\@emptytoks=\toks17
\ex@=\dimen116
))
(/usr/local/texlive/2010/texmf-dist/tex/latex/amsmath/amsbsy.sty
Package: amsbsy 1999/11/29 v1.2d
\pmbraise@=\dimen117
)
(/usr/local/texlive/2010/texmf-dist/tex/latex/amsmath/amsopn.sty
Package: amsopn 1999/12/14 v2.01 operator names
)
\inf@bad=\count106
LaTeX Info: Redefining \frac on input line 211.
\uproot@=\count107
\leftroot@=\count108
LaTeX Info: Redefining \overline on input line 307.
\classnum@=\count109
\DOTSCASE@=\count110
LaTeX Info: Redefining \ldots on input line 379.
LaTeX Info: Redefining \dots on input line 382.
LaTeX Info: Redefining \cdots on input line 467.
\Mathstrutbox@=\box29
\strutbox@=\box30
\big@size=\dimen118
LaTeX Font Info:    Redeclaring font encoding OML on input line 567.
LaTeX Font Info:    Redeclaring font encoding OMS on input line 568.


Package amsmath Warning: Unable to redefine math accent \vec.

\macc@depth=\count111
\c@MaxMatrixCols=\count112
\dotsspace@=\muskip11
\c@parentequation=\count113
\dspbrk@lvl=\count114
\tag@help=\toks18
\row@=\count115
\column@=\count116
\maxfields@=\count117
\andhelp@=\toks19
\eqnshift@=\dimen119
\alignsep@=\dimen120
\tagshift@=\dimen121
\tagwidth@=\dimen122
\totwidth@=\dimen123
\lineht@=\dimen124
\@envbody=\toks20
\multlinegap=\skip44
\multlinetaggap=\skip45
\mathdisplay@stack=\toks21
LaTeX Info: Redefining \[ on input line 2666.
LaTeX Info: Redefining \] on input line 2667.
) (/usr/local/texlive/2010/texmf-dist/tex/latex/amsfonts/amssymb.sty
Package: amssymb 2009/06/22 v3.00

(/usr/local/texlive/2010/texmf-dist/tex/latex/amsfonts/amsfonts.sty
Package: amsfonts 2009/06/22 v3.00 Basic AMSFonts support
\symAMSa=\mathgroup4
\symAMSb=\mathgroup5
LaTeX Font Info:    Overwriting math alphabet `\mathfrak' in version `bold'
(Font)                  U/euf/m/n --> U/euf/b/n on input line 96.
))
(/usr/local/texlive/2010/texmf-dist/tex/latex/subfigure/subfigure.sty
Package: subfigure 2002/03/15 v2.1.5 subfigure package
\subfigtopskip=\skip46
\subfigcapskip=\skip47
\subfigcaptopadj=\dimen125
\subfigbottomskip=\skip48
\subfigcapmargin=\dimen126
\subfiglabelskip=\skip49
\c@subfigure=\count118
\c@lofdepth=\count119
\c@subtable=\count120
\c@lotdepth=\count121

****************************************
* Local config file subfigure.cfg used *
****************************************
(/usr/local/texlive/2010/texmf-dist/tex/latex/subfigure/subfigure.cfg)
\subfig@top=\skip50
\subfig@bottom=\skip51
)
(/usr/local/texlive/2010/texmf-dist/tex/latex/microtype/microtype.sty
Package: microtype 2010/01/10 v2.4 Micro-typography with pdfTeX (RS)
\MT@toks=\toks22
\MT@count=\count122
LaTeX Info: Redefining \lsstyle on input line 1597.
LaTeX Info: Redefining \lslig on input line 1597.
\MT@outer@space=\skip52
LaTeX Info: Redefining \textls on input line 1605.
\MT@outer@kern=\dimen127
LaTeX Info: Redefining \textmicrotypecontext on input line 2156.
Package microtype Info: Loading configuration file microtype.cfg.

(/usr/local/texlive/2010/texmf-dist/tex/latex/microtype/microtype.cfg
File: microtype.cfg 2010/01/10 v2.4 microtype main configuration file (RS)
))
(/usr/local/texlive/2010/texmf-dist/tex/latex/geometry/geometry.sty
Package: geometry 2010/07/13 v5.5 Page Geometry

(/usr/local/texlive/2010/texmf-dist/tex/generic/oberdiek/ifpdf.sty
Package: ifpdf 2010/01/28 v2.1 Provides the ifpdf switch (HO)
Package ifpdf Info: pdfTeX in pdf mode detected.
)
(/usr/local/texlive/2010/texmf-dist/tex/generic/oberdiek/ifvtex.sty
Package: ifvtex 2010/03/01 v1.5 Switches for detecting VTeX and its modes (HO)
Package ifvtex Info: VTeX not detected.
)
\Gm@cnth=\count123
\Gm@cntv=\count124
\c@Gm@tempcnt=\count125
\Gm@bindingoffset=\dimen128
\Gm@wd@mp=\dimen129
\Gm@odd@mp=\dimen130
\Gm@even@mp=\dimen131
\Gm@layoutwidth=\dimen132
\Gm@layoutheight=\dimen133
\Gm@layouthoffset=\dimen134
\Gm@layoutvoffset=\dimen135
\Gm@dimlist=\toks23
)
(/usr/local/texlive/2010/texmf-dist/tex/latex/psnfss/times.sty
Package: times 2005/04/12 PSNFSS-v9.2a (SPQR) 
)
(./MLJunknownUnknowns.aux)
\openout1 = `MLJunknownUnknowns.aux'.

LaTeX Font Info:    Checking defaults for OML/cmm/m/it on input line 44.
LaTeX Font Info:    ... okay on input line 44.
LaTeX Font Info:    Checking defaults for T1/cmr/m/n on input line 44.
LaTeX Font Info:    ... okay on input line 44.
LaTeX Font Info:    Checking defaults for OT1/cmr/m/n on input line 44.
LaTeX Font Info:    ... okay on input line 44.
LaTeX Font Info:    Checking defaults for OMS/cmsy/m/n on input line 44.
LaTeX Font Info:    ... okay on input line 44.
LaTeX Font Info:    Checking defaults for OMX/cmex/m/n on input line 44.
LaTeX Font Info:    ... okay on input line 44.
LaTeX Font Info:    Checking defaults for U/cmr/m/n on input line 44.
LaTeX Font Info:    ... okay on input line 44.
LaTeX Font Info:    Try loading font information for OT1+ptm on input line 44.

(/usr/local/texlive/2010/texmf-dist/tex/latex/psnfss/ot1ptm.fd
File: ot1ptm.fd 2001/06/04 font definitions for OT1/ptm.
)
Unknown journal: specify \journalname{<name of your journal>} in preambel

(/usr/local/texlive/2010/texmf-dist/tex/context/base/supp-pdf.mkii
[Loading MPS to PDF converter (version 2006.09.02).]
\scratchcounter=\count126
\scratchdimen=\dimen136
\scratchbox=\box31
\nofMPsegments=\count127
\nofMParguments=\count128
\everyMPshowfont=\toks24
\MPscratchCnt=\count129
\MPscratchDim=\dimen137
\MPnumerator=\count130
\everyMPtoPDFconversion=\toks25
) (/usr/local/texlive/2010/texmf-dist/tex/generic/oberdiek/pdftexcmds.sty
Package: pdftexcmds 2010/04/01 v0.9 Utility functions of pdfTeX for LuaTeX (HO)


(/usr/local/texlive/2010/texmf-dist/tex/generic/oberdiek/infwarerr.sty
Package: infwarerr 2010/04/08 v1.3 Providing info/warning/message (HO)
)
(/usr/local/texlive/2010/texmf-dist/tex/generic/oberdiek/ifluatex.sty
Package: ifluatex 2010/03/01 v1.3 Provides the ifluatex switch (HO)
Package ifluatex Info: LuaTeX not detected.
)
(/usr/local/texlive/2010/texmf-dist/tex/generic/oberdiek/ltxcmds.sty
Package: ltxcmds 2010/04/26 v1.7 LaTeX kernel commands for general use (HO)
)
Package pdftexcmds Info: LuaTeX not detected.
Package pdftexcmds Info: \pdf@primitive is available.
Package pdftexcmds Info: \pdf@ifprimitive is available.
)
(/usr/local/texlive/2010/texmf-dist/tex/latex/oberdiek/epstopdf-base.sty
Package: epstopdf-base 2010/02/09 v2.5 Base part for package epstopdf

(/usr/local/texlive/2010/texmf-dist/tex/latex/oberdiek/grfext.sty
Package: grfext 2007/09/30 v1.0 Managing graphics extensions (HO)
)
(/usr/local/texlive/2010/texmf-dist/tex/latex/oberdiek/kvoptions.sty
Package: kvoptions 2010/02/22 v3.7 Keyval support for LaTeX options (HO)

(/usr/local/texlive/2010/texmf-dist/tex/generic/oberdiek/kvsetkeys.sty
Package: kvsetkeys 2010/03/01 v1.9 Key value parser (HO)

(/usr/local/texlive/2010/texmf-dist/tex/generic/oberdiek/etexcmds.sty
Package: etexcmds 2010/01/28 v1.3 Prefix for e-TeX command names (HO)
Package etexcmds Info: Could not find \expanded.
(etexcmds)             That can mean that you are not using pdfTeX 1.50 or
(etexcmds)             that some package has redefined \expanded.
(etexcmds)             In the latter case, load this package earlier.
)))
Package grfext Info: Graphics extension search list:
(grfext)             [.png,.pdf,.jpg,.mps,.jpeg,.jbig2,.jb2,.PNG,.PDF,.JPG,.JPE
G,.JBIG2,.JB2,.eps]
(grfext)             \AppendGraphicsExtensions on input line 436.

(/usr/local/texlive/2010/texmf-dist/tex/latex/latexconfig/epstopdf-sys.cfg
File: epstopdf-sys.cfg 2010/07/13 v1.3 Configuration of (r)epstopdf for TeX Liv
e
))
LaTeX Info: Redefining \microtypecontext on input line 44.
Package microtype Info: Generating PDF output.
Package microtype Info: Character protrusion enabled (level 2).
Package microtype Info: Using default protrusion set `alltext'.
Package microtype Info: Automatic font expansion enabled (level 2),
(microtype)             stretch: 20, shrink: 20, step: 1, non-selected.
Package microtype Info: Using default expansion set `basictext'.
Package microtype Info: No tracking.
Package microtype Info: No adjustment of interword spacing.
Package microtype Info: No adjustment of character kerning.

(/usr/local/texlive/2010/texmf-dist/tex/latex/microtype/mt-ptm.cfg
File: mt-ptm.cfg 2006/04/20 v1.7 microtype config. file: Times (RS)
)
*geometry* detected driver: pdftex
*geometry* verbose mode - [ preamble ] result:
* driver: pdftex
* paper: <default>
* layout: <same size as paper>
* layoutoffset:(h,v)=(0.0pt,0.0pt)
* modes: twoside asymmetric 
* h-part:(L,W,R)=(72.26999pt, 359.01668pt, 166.2212pt)
* v-part:(T,H,B)=(72.26999pt, 613.78308pt, 158.99377pt)
* \paperwidth=597.50787pt
* \paperheight=845.04684pt
* \textwidth=359.01668pt
* \textheight=613.78308pt
* \oddsidemargin=0.0pt
* \evensidemargin=0.0pt
* \topmargin=0.0pt
* \headheight=12.0pt
* \headsep=15.51512pt
* \topskip=0.0pt
* \footskip=0.0pt
* \marginparwidth=48.0pt
* \marginparsep=10.0pt
* \columnsep=19.26015pt
* \skip\footins=9.0pt plus 4.0pt minus 2.0pt
* \hoffset=0.0pt
* \voffset=0.0pt
* \mag=1000
* \@twocolumnfalse
* \@twosidetrue
* \@mparswitchfalse
* \@reversemarginfalse
* (1in=72.27pt=25.4mm, 1cm=28.453pt)

SVJour3 warning: Missing \journalname
SVJour3 warning: Missing \date
SVJour3 warning: Missing \institute
LaTeX Font Info:    Font shape `OT1/ptm/bx/n' in size <9.5> not available
(Font)              Font shape `OT1/ptm/b/n' tried instead on input line 92.
LaTeX Font Info:    Font shape `OT1/ptm/bx/n' in size <13> not available
(Font)              Font shape `OT1/ptm/b/n' tried instead on input line 92.
LaTeX Font Info:    Calculating math sizes for size <9.5> on input line 92.

LaTeX Font Warning: Font shape `OT1/cmr/bx/n' in size <9.5> not available
(Font)              size <9> substituted on input line 92.

(/usr/local/texlive/2010/texmf-dist/tex/latex/microtype/mt-cmr.cfg
File: mt-cmr.cfg 2009/11/09 v2.0 microtype config. file: Computer Modern Roman 
(RS)
)

LaTeX Font Warning: Font shape `OML/cmm/b/it' in size <9.5> not available
(Font)              size <9> substituted on input line 92.


LaTeX Font Warning: Font shape `OMS/cmsy/b/n' in size <9.5> not available
(Font)              size <9> substituted on input line 92.

LaTeX Font Info:    Try loading font information for U+msa on input line 92.
(/usr/local/texlive/2010/texmf-dist/tex/latex/amsfonts/umsa.fd
File: umsa.fd 2009/06/22 v3.00 AMS symbols A
)
(/usr/local/texlive/2010/texmf-dist/tex/latex/microtype/mt-msa.cfg
File: mt-msa.cfg 2006/02/04 v1.1 microtype config. file: AMS symbols (a) (RS)
)
LaTeX Font Info:    Try loading font information for U+msb on input line 92.

(/usr/local/texlive/2010/texmf-dist/tex/latex/amsfonts/umsb.fd
File: umsb.fd 2009/06/22 v3.00 AMS symbols B
)
(/usr/local/texlive/2010/texmf-dist/tex/latex/microtype/mt-msb.cfg
File: mt-msb.cfg 2005/06/01 v1.0 microtype config. file: AMS symbols (b) (RS)
)

LaTeX Font Warning: Font shape `OML/cmm/m/it' in size <9.5> not available
(Font)              size <9> substituted on input line 92.


LaTeX Font Warning: Font shape `OMS/cmsy/m/n' in size <9.5> not available
(Font)              size <9> substituted on input line 92.

LaTeX Font Info:    Font shape `OT1/ptm/bx/it' in size <9.5> not available
(Font)              Font shape `OT1/ptm/b/it' tried instead on input line 101.

Underfull \hbox (badness 10000) in paragraph at lines 100--102

 []

(./1-introduction.tex [1{/usr/local/texlive/2010/texmf-var/fonts/map/pdftex/upd
map/pdftex.map}]) (./2-background.tex
Underfull \vbox (badness 10000) has occurred while \output is active []

 [2]
[3]) (./3-unknowns.tex

LaTeX Font Warning: Font shape `OT1/cmr/m/it' in size <9.5> not available
(Font)              size <9> substituted on input line 7.

<plots/Quadrant.png, id=19, 367.3725pt x 324.4923pt>
File: plots/Quadrant.png Graphic file (type png)
 <use plots/Quadrant.png>
LaTeX Font Info:    Font shape `OT1/ptm/bx/n' in size <8> not available
(Font)              Font shape `OT1/ptm/b/n' tried instead on input line 19.

[4] [5 <./plots/Quadrant.png (PNG copy)>]
<plots/example_function_2a.png, id=33, 444.4605pt x 232.7094pt>
File: plots/example_function_2a.png Graphic file (type png)

<use plots/example_function_2a.png>
<plots/example_function_2b.png, id=34, 437.9562pt x 228.3732pt>
File: plots/example_function_2b.png Graphic file (type png)

<use plots/example_function_2b.png>) (./5-btm-design.tex [6 <./plots/example_fu
nction_2a.png (PNG copy)> <./plots/example_function_2b.png (PNG copy)>]
[7] <plots/btm-HIT.png, id=44, 760.34062pt x 389.20406pt>
File: plots/btm-HIT.png Graphic file (type png)

<use plots/btm-HIT.png> [8 <./plots/btm-HIT.png>]) (./6-results.tex [9]
<plots/Hate-speech-scores.PNG, id=53, 577.40718pt x 420.06938pt>
File: plots/Hate-speech-scores.PNG Graphic file (type png)

<use plots/Hate-speech-scores.PNG>
<plots/porn-scores.PNG, id=54, 582.67688pt x 420.06938pt>
File: plots/porn-scores.PNG Graphic file (type png)

<use plots/porn-scores.PNG> [10 <./plots/Hate-speech-scores.PNG> <./plots/porn-
scores.PNG>] <plots/adt_btm_eval.png, id=60, 449.68pt x 337.26pt>
File: plots/adt_btm_eval.png Graphic file (type png)

<use plots/adt_btm_eval.png>) (./7-future.tex [11 <./plots/adt_btm_eval.png (PN
G copy)>]) (./MLJunknownUnknowns.bbl [12]) [13] (./MLJunknownUnknowns.aux)

LaTeX Font Warning: Size substitutions with differences
(Font)              up to 0.5pt have occurred.

 )
(\end occurred when \ifx on line 88 was incomplete)
(\end occurred when \ifx on line 88 was incomplete)
(\end occurred when \ifx on line 88 was incomplete)
(\end occurred when \ifx on line 88 was incomplete)
(\end occurred when \ifx on line 88 was incomplete)
(\end occurred when \ifx on line 88 was incomplete)
(\end occurred when \ifx on line 88 was incomplete)
(\end occurred when \ifx on line 88 was incomplete)
(\end occurred when \ifx on line 88 was incomplete)
(\end occurred when \ifx on line 88 was incomplete)
(\end occurred when \ifx on line 85 was incomplete)
(\end occurred when \ifx on line 85 was incomplete)
(\end occurred when \ifx on line 85 was incomplete)
(\end occurred when \ifx on line 85 was incomplete)
(\end occurred when \ifx on line 85 was incomplete)
(\end occurred when \ifx on line 85 was incomplete)
(\end occurred when \ifx on line 85 was incomplete)
(\end occurred when \ifx on line 85 was incomplete)
(\end occurred when \ifx on line 85 was incomplete)
(\end occurred when \ifx on line 85 was incomplete)
(\end occurred when \ifx on line 80 was incomplete)
(\end occurred when \ifx on line 80 was incomplete)
(\end occurred when \ifx on line 80 was incomplete)
(\end occurred when \ifx on line 80 was incomplete)
(\end occurred when \ifx on line 80 was incomplete)
(\end occurred when \ifx on line 80 was incomplete)
(\end occurred when \ifx on line 80 was incomplete)
(\end occurred when \ifx on line 80 was incomplete)
(\end occurred when \ifx on line 80 was incomplete)
(\end occurred when \ifx on line 80 was incomplete)
(\end occurred when \ifx on line 70 was incomplete)
(\end occurred when \ifx on line 70 was incomplete)
(\end occurred when \ifx on line 70 was incomplete)
(\end occurred when \ifx on line 70 was incomplete)
(\end occurred when \ifx on line 70 was incomplete)
(\end occurred when \ifx on line 70 was incomplete)
(\end occurred when \ifx on line 70 was incomplete)
(\end occurred when \ifx on line 70 was incomplete)
(\end occurred when \ifx on line 70 was incomplete)
(\end occurred when \ifx on line 70 was incomplete)
(\end occurred when \ifx on line 70 was incomplete)
(\end occurred when \ifx on line 70 was incomplete)
(\end occurred when \ifx on line 70 was incomplete)
(\end occurred when \ifx on line 70 was incomplete)
(\end occurred when \ifx on line 70 was incomplete)
(\end occurred when \ifx on line 70 was incomplete)
(\end occurred when \ifx on line 70 was incomplete)
(\end occurred when \ifx on line 70 was incomplete)
(\end occurred when \ifx on line 70 was incomplete)
(\end occurred when \ifx on line 70 was incomplete)
(\end occurred when \ifx on line 70 was incomplete)
(\end occurred when \ifx on line 70 was incomplete)
(\end occurred when \ifx on line 70 was incomplete)
(\end occurred when \ifx on line 70 was incomplete)
(\end occurred when \ifx on line 70 was incomplete)
(\end occurred when \ifx on line 70 was incomplete)
(\end occurred when \ifx on line 70 was incomplete)
(\end occurred when \ifx on line 70 was incomplete)
(\end occurred when \ifx on line 70 was incomplete)
(\end occurred when \ifx on line 70 was incomplete)
(\end occurred when \ifx on line 63 was incomplete)
(\end occurred when \ifx on line 63 was incomplete)
(\end occurred when \ifx on line 63 was incomplete)
(\end occurred when \ifx on line 63 was incomplete)
(\end occurred when \ifx on line 63 was incomplete)
(\end occurred when \ifx on line 63 was incomplete)
(\end occurred when \ifx on line 63 was incomplete)
(\end occurred when \ifx on line 63 was incomplete)
(\end occurred when \ifx on line 63 was incomplete)
(\end occurred when \ifx on line 63 was incomplete)
(\end occurred when \ifx on line 63 was incomplete)
(\end occurred when \ifx on line 63 was incomplete)
(\end occurred when \ifx on line 63 was incomplete)
(\end occurred when \ifx on line 63 was incomplete)
(\end occurred when \ifx on line 63 was incomplete)
(\end occurred when \ifx on line 63 was incomplete)
(\end occurred when \ifx on line 63 was incomplete)
(\end occurred when \ifx on line 63 was incomplete)
(\end occurred when \ifx on line 63 was incomplete)
(\end occurred when \ifx on line 63 was incomplete)
(\end occurred when \ifx on line 63 was incomplete)
(\end occurred when \ifx on line 63 was incomplete)
(\end occurred when \ifx on line 63 was incomplete)
(\end occurred when \ifx on line 63 was incomplete)
(\end occurred when \ifx on line 63 was incomplete)
(\end occurred when \ifx on line 63 was incomplete)
(\end occurred when \ifx on line 63 was incomplete)
(\end occurred when \ifx on line 63 was incomplete)
(\end occurred when \ifx on line 63 was incomplete)
(\end occurred when \ifx on line 63 was incomplete) 
Here is how much of TeX's memory you used:
 5154 strings out of 493747
 74011 string characters out of 3143546
 167604 words of memory out of 3000000
 8105 multiletter control sequences out of 15000+200000
 42075 words of font info for 222 fonts, out of 3000000 for 9000
 714 hyphenation exceptions out of 8191
 38i,9n,35p,1719b,279s stack positions out of 5000i,500n,10000p,200000b,50000s
{/usr/local/texlive/2010/tex
mf-dist/fonts/enc/dvips/base/8r.enc}</usr/local/texlive/2010/texmf-dist/fonts/t
ype1/public/amsfonts/cmextra/cmbsy9.pfb></usr/local/texlive/2010/texmf-dist/fon
ts/type1/public/amsfonts/cm/cmex10.pfb></usr/local/texlive/2010/texmf-dist/font
s/type1/public/amsfonts/cm/cmmi7.pfb></usr/local/texlive/2010/texmf-dist/fonts/
type1/public/amsfonts/cm/cmmi8.pfb></usr/local/texlive/2010/texmf-dist/fonts/ty
pe1/public/amsfonts/cm/cmmi9.pfb></usr/local/texlive/2010/texmf-dist/fonts/type
1/public/amsfonts/cm/cmr6.pfb></usr/local/texlive/2010/texmf-dist/fonts/type1/p
ublic/amsfonts/cm/cmr9.pfb></usr/local/texlive/2010/texmf-dist/fonts/type1/publ
ic/amsfonts/cm/cmsy7.pfb></usr/local/texlive/2010/texmf-dist/fonts/type1/public
/amsfonts/cm/cmsy9.pfb></usr/local/texlive/2010/texmf-dist/fonts/type1/public/a
msfonts/cm/cmti9.pfb></usr/local/texlive/2010/texmf-dist/fonts/type1/public/ams
fonts/symbols/msam10.pfb></usr/local/texlive/2010/texmf-dist/fonts/type1/public
/amsfonts/symbols/msbm10.pfb></usr/local/texlive/2010/texmf-dist/fonts/type1/ur
w/times/utmb8a.pfb></usr/local/texlive/2010/texmf-dist/fonts/type1/urw/times/ut
mbi8a.pfb></usr/local/texlive/2010/texmf-dist/fonts/type1/urw/times/utmr8a.pfb>
</usr/local/texlive/2010/texmf-dist/fonts/type1/urw/times/utmri8a.pfb>
Output written on MLJunknownUnknowns.pdf (13 pages, 1175038 bytes).
PDF statistics:
 123 PDF objects out of 1000 (max. 8388607)
 81 compressed objects within 1 object stream
 0 named destinations out of 1000 (max. 500000)
 27172 words of extra memory for PDF output out of 29859 (max. 10000000)

